2025-12-20 23:52:16,605 [INFO] 
================================================================================
2025-12-20 23:52:16,605 [INFO] FIXED DUAL-HEAD VQA MODEL TRAINING
2025-12-20 23:52:16,605 [INFO] ================================================================================
2025-12-20 23:52:16,606 [INFO] Device: mps
2025-12-20 23:52:16,606 [INFO] Binary loss weight: 1.0 (RESET TO EQUAL)
2025-12-20 23:52:16,606 [INFO] Using SIMPLIFIED focal loss (NO class weights)
2025-12-20 23:52:16,606 [INFO] ================================================================================
2025-12-20 23:52:16,606 [INFO] 
================================================================================
2025-12-20 23:52:16,606 [INFO] BINARY DISTRIBUTION ANALYSIS
2025-12-20 23:52:16,606 [INFO] ================================================================================
2025-12-20 23:52:28,456 [INFO] Total binary questions: 739
2025-12-20 23:52:28,456 [INFO]   Yes: 364 (49.3%)
2025-12-20 23:52:28,456 [INFO]   No: 375 (50.7%)
2025-12-20 23:52:28,456 [INFO] ✅ Distribution is balanced - NO class weighting needed!
2025-12-20 23:52:28,456 [INFO] ================================================================================
2025-12-20 23:52:29,639 [INFO] ✅ Model initialized successfully!
2025-12-20 23:52:29,640 [INFO] 
================================================================================
2025-12-20 23:52:29,640 [INFO] TRAINING START - FIXED VERSION
2025-12-20 23:52:29,640 [INFO] ================================================================================
2025-12-20 23:52:29,640 [INFO] 
================================================================================
2025-12-20 23:52:29,640 [INFO] EPOCH 1/50
2025-12-20 23:52:29,640 [INFO] ================================================================================
2025-12-20 23:53:07,178 [INFO] ✓ Train - Loss: 4.6620
2025-12-20 23:53:07,181 [INFO]   Overall: 36.93%
2025-12-20 23:53:07,181 [INFO]   🎯 Binary: 49.66%
2025-12-20 23:53:07,181 [INFO]   Open-Ended: 22.87%
2025-12-20 23:53:12,289 [INFO] ✓ Val - Loss: 2.2862
2025-12-20 23:53:12,290 [INFO]   Overall: 60.45%
2025-12-20 23:53:12,290 [INFO]   🎯 Binary: 52.13%
2025-12-20 23:53:12,290 [INFO]   Open-Ended: 69.59%
2025-12-20 23:53:12,290 [INFO] 📉 Learning rate: 1.01e-05
2025-12-20 23:53:16,843 [INFO] 🌟 NEW BEST! Overall: 60.45%, Binary: 52.13%
2025-12-20 23:53:21,388 [INFO] 
================================================================================
2025-12-20 23:53:21,391 [INFO] EPOCH 2/50
2025-12-20 23:53:21,391 [INFO] ================================================================================
2025-12-20 23:55:26,703 [INFO] ✓ Train - Loss: 3.6984
2025-12-20 23:55:26,707 [INFO]   Overall: 49.22%
2025-12-20 23:55:26,707 [INFO]   🎯 Binary: 54.00%
2025-12-20 23:55:26,707 [INFO]   Open-Ended: 43.96%
2025-12-20 23:55:31,476 [INFO] ✓ Val - Loss: 2.1909
2025-12-20 23:55:31,478 [INFO]   Overall: 63.23%
2025-12-20 23:55:31,478 [INFO]   🎯 Binary: 57.45%
2025-12-20 23:55:31,478 [INFO]   Open-Ended: 69.59%
2025-12-20 23:55:31,478 [INFO] 📉 Learning rate: 2.01e-05
2025-12-20 23:55:37,092 [INFO] 🌟 NEW BEST! Overall: 63.23%, Binary: 57.45%
2025-12-20 23:55:44,086 [INFO] 
================================================================================
2025-12-20 23:55:44,089 [INFO] EPOCH 3/50
2025-12-20 23:55:44,089 [INFO] ================================================================================
2025-12-20 23:56:20,150 [INFO] ✓ Train - Loss: 3.4948
2025-12-20 23:56:20,153 [INFO]   Overall: 52.63%
2025-12-20 23:56:20,153 [INFO]   🎯 Binary: 59.57%
2025-12-20 23:56:20,153 [INFO]   Open-Ended: 45.01%
2025-12-20 23:56:24,531 [INFO] ✓ Val - Loss: 1.9477
2025-12-20 23:56:24,533 [INFO]   Overall: 65.74%
2025-12-20 23:56:24,533 [INFO]   🎯 Binary: 62.23%
2025-12-20 23:56:24,533 [INFO]   Open-Ended: 69.59%
2025-12-20 23:56:24,533 [INFO] 📉 Learning rate: 3.00e-05
2025-12-20 23:56:29,295 [INFO] 🌟 NEW BEST! Overall: 65.74%, Binary: 62.23%
2025-12-20 23:56:34,721 [INFO] 
================================================================================
2025-12-20 23:56:34,723 [INFO] EPOCH 4/50
2025-12-20 23:56:34,723 [INFO] ================================================================================
2025-12-20 23:57:13,462 [INFO] ✓ Train - Loss: 3.3566
2025-12-20 23:57:13,467 [INFO]   Overall: 51.99%
2025-12-20 23:57:13,468 [INFO]   🎯 Binary: 58.19%
2025-12-20 23:57:13,468 [INFO]   Open-Ended: 45.14%
2025-12-20 23:57:18,447 [INFO] ✓ Val - Loss: 1.8096
2025-12-20 23:57:18,449 [INFO]   Overall: 66.30%
2025-12-20 23:57:18,449 [INFO]   🎯 Binary: 60.64%
2025-12-20 23:57:18,449 [INFO]   Open-Ended: 72.51%
2025-12-20 23:57:18,449 [INFO] 📉 Learning rate: 4.00e-05
2025-12-20 23:57:23,265 [INFO] 🌟 NEW BEST! Overall: 66.30%, Binary: 60.64%
2025-12-20 23:57:28,750 [INFO] 
================================================================================
2025-12-20 23:57:28,754 [INFO] EPOCH 5/50
2025-12-20 23:57:28,754 [INFO] ================================================================================
2025-12-20 23:58:19,767 [INFO] ✓ Train - Loss: 3.0538
2025-12-20 23:58:19,797 [INFO]   Overall: 55.75%
2025-12-20 23:58:19,797 [INFO]   🎯 Binary: 62.57%
2025-12-20 23:58:19,797 [INFO]   Open-Ended: 48.20%
2025-12-20 23:58:25,618 [INFO] ✓ Val - Loss: 1.7462
2025-12-20 23:58:25,621 [INFO]   Overall: 66.57%
2025-12-20 23:58:25,621 [INFO]   🎯 Binary: 61.17%
2025-12-20 23:58:25,621 [INFO]   Open-Ended: 72.51%
2025-12-20 23:58:25,623 [INFO] 📉 Learning rate: 5.00e-05
2025-12-20 23:58:30,915 [INFO] 🌟 NEW BEST! Overall: 66.57%, Binary: 61.17%
2025-12-20 23:58:37,308 [INFO] 
================================================================================
2025-12-20 23:58:37,308 [INFO] EPOCH 6/50
2025-12-20 23:58:37,308 [INFO] ================================================================================
2025-12-20 23:59:24,559 [INFO] ✓ Train - Loss: 2.7674
2025-12-20 23:59:24,567 [INFO]   Overall: 62.07%
2025-12-20 23:59:24,567 [INFO]   🎯 Binary: 72.57%
2025-12-20 23:59:24,567 [INFO]   Open-Ended: 50.45%
2025-12-20 23:59:29,286 [INFO] ✓ Val - Loss: 1.6121
2025-12-20 23:59:29,299 [INFO]   Overall: 71.59%
2025-12-20 23:59:29,300 [INFO]   🎯 Binary: 69.15%
2025-12-20 23:59:29,300 [INFO]   Open-Ended: 74.27%
2025-12-20 23:59:29,302 [INFO] 📉 Learning rate: 5.00e-05
2025-12-20 23:59:34,265 [INFO] 🌟 NEW BEST! Overall: 71.59%, Binary: 69.15%
2025-12-20 23:59:39,920 [INFO] 
================================================================================
2025-12-20 23:59:39,921 [INFO] EPOCH 7/50
2025-12-20 23:59:39,921 [INFO] ================================================================================
2025-12-21 00:00:36,471 [INFO] ✓ Train - Loss: 2.4595
2025-12-21 00:00:36,484 [INFO]   Overall: 65.13%
2025-12-21 00:00:36,485 [INFO]   🎯 Binary: 77.31%
2025-12-21 00:00:36,485 [INFO]   Open-Ended: 51.79%
2025-12-21 00:00:43,852 [INFO] ✓ Val - Loss: 1.6025
2025-12-21 00:00:43,858 [INFO]   Overall: 69.36%
2025-12-21 00:00:43,858 [INFO]   🎯 Binary: 65.96%
2025-12-21 00:00:43,858 [INFO]   Open-Ended: 73.10%
2025-12-21 00:00:43,861 [INFO] 📉 Learning rate: 5.00e-05
2025-12-21 00:00:50,593 [INFO] 
================================================================================
2025-12-21 00:00:50,595 [INFO] EPOCH 8/50
2025-12-21 00:00:50,595 [INFO] ================================================================================
2025-12-21 00:01:32,662 [INFO] ✓ Train - Loss: 2.2633
2025-12-21 00:01:32,674 [INFO]   Overall: 66.76%
2025-12-21 00:01:32,674 [INFO]   🎯 Binary: 77.51%
2025-12-21 00:01:32,674 [INFO]   Open-Ended: 54.93%
2025-12-21 00:01:37,078 [INFO] ✓ Val - Loss: 1.5944
2025-12-21 00:01:37,079 [INFO]   Overall: 68.25%
2025-12-21 00:01:37,079 [INFO]   🎯 Binary: 64.36%
2025-12-21 00:01:37,079 [INFO]   Open-Ended: 72.51%
2025-12-21 00:01:37,081 [INFO] 📉 Learning rate: 5.00e-05
2025-12-21 00:01:42,202 [INFO] 
================================================================================
2025-12-21 00:01:42,202 [INFO] EPOCH 9/50
2025-12-21 00:01:42,202 [INFO] ================================================================================
2025-12-21 00:02:26,029 [INFO] ✓ Train - Loss: 1.9395
2025-12-21 00:02:26,034 [INFO]   Overall: 71.45%
2025-12-21 00:02:26,034 [INFO]   🎯 Binary: 82.52%
2025-12-21 00:02:26,036 [INFO]   Open-Ended: 59.25%
2025-12-21 00:02:31,480 [INFO] ✓ Val - Loss: 1.4631
2025-12-21 00:02:31,484 [INFO]   Overall: 71.87%
2025-12-21 00:02:31,484 [INFO]   🎯 Binary: 69.15%
2025-12-21 00:02:31,484 [INFO]   Open-Ended: 74.85%
2025-12-21 00:02:31,487 [INFO] 📉 Learning rate: 5.00e-05
2025-12-21 00:02:36,911 [INFO] 🌟 NEW BEST! Overall: 71.87%, Binary: 69.15%
2025-12-21 00:02:42,616 [INFO] 
================================================================================
2025-12-21 00:02:42,617 [INFO] EPOCH 10/50
2025-12-21 00:02:42,617 [INFO] ================================================================================
2025-12-21 00:03:29,278 [INFO] ✓ Train - Loss: 1.6935
2025-12-21 00:03:29,281 [INFO]   Overall: 75.78%
2025-12-21 00:03:29,281 [INFO]   🎯 Binary: 86.08%
2025-12-21 00:03:29,282 [INFO]   Open-Ended: 64.37%
2025-12-21 00:03:33,771 [INFO] ✓ Val - Loss: 1.4959
2025-12-21 00:03:33,774 [INFO]   Overall: 72.98%
2025-12-21 00:03:33,774 [INFO]   🎯 Binary: 70.74%
2025-12-21 00:03:33,774 [INFO]   Open-Ended: 75.44%
2025-12-21 00:03:33,775 [INFO] 📉 Learning rate: 5.00e-05
2025-12-21 00:03:38,684 [INFO] 🌟 NEW BEST! Overall: 72.98%, Binary: 70.74%
2025-12-21 00:03:44,081 [INFO] 
================================================================================
2025-12-21 00:03:44,082 [INFO] EPOCH 11/50
2025-12-21 00:03:44,082 [INFO] ================================================================================
2025-12-21 00:04:26,961 [INFO] ✓ Train - Loss: 1.4992
2025-12-21 00:04:26,973 [INFO]   Overall: 79.69%
2025-12-21 00:04:26,973 [INFO]   🎯 Binary: 88.56%
2025-12-21 00:04:26,973 [INFO]   Open-Ended: 69.77%
2025-12-21 00:04:31,242 [INFO] ✓ Val - Loss: 1.5582
2025-12-21 00:04:31,243 [INFO]   Overall: 70.19%
2025-12-21 00:04:31,243 [INFO]   🎯 Binary: 69.68%
2025-12-21 00:04:31,243 [INFO]   Open-Ended: 70.76%
2025-12-21 00:04:31,244 [INFO] 📉 Learning rate: 5.00e-05
2025-12-21 00:04:36,225 [INFO] 
================================================================================
2025-12-21 00:04:36,225 [INFO] EPOCH 12/50
2025-12-21 00:04:36,225 [INFO] ================================================================================
2025-12-21 00:05:13,479 [INFO] ✓ Train - Loss: 1.3128
2025-12-21 00:05:13,489 [INFO]   Overall: 81.25%
2025-12-21 00:05:13,489 [INFO]   🎯 Binary: 88.04%
2025-12-21 00:05:13,489 [INFO]   Open-Ended: 73.81%
2025-12-21 00:05:18,307 [INFO] ✓ Val - Loss: 1.6846
2025-12-21 00:05:18,308 [INFO]   Overall: 69.64%
2025-12-21 00:05:18,309 [INFO]   🎯 Binary: 67.55%
2025-12-21 00:05:18,309 [INFO]   Open-Ended: 71.93%
2025-12-21 00:05:18,309 [INFO] 📉 Learning rate: 5.00e-05
2025-12-21 00:05:23,373 [INFO] 
================================================================================
2025-12-21 00:05:23,374 [INFO] EPOCH 13/50
2025-12-21 00:05:23,374 [INFO] ================================================================================
2025-12-21 00:05:57,170 [INFO] ✓ Train - Loss: 1.1639
2025-12-21 00:05:57,171 [INFO]   Overall: 85.94%
2025-12-21 00:05:57,171 [INFO]   🎯 Binary: 91.97%
2025-12-21 00:05:57,171 [INFO]   Open-Ended: 79.35%
2025-12-21 00:06:01,265 [INFO] ✓ Val - Loss: 1.8524
2025-12-21 00:06:01,266 [INFO]   Overall: 67.13%
2025-12-21 00:06:01,266 [INFO]   🎯 Binary: 67.55%
2025-12-21 00:06:01,266 [INFO]   Open-Ended: 66.67%
2025-12-21 00:06:01,266 [INFO] 📉 Learning rate: 5.00e-05
2025-12-21 00:06:06,363 [INFO] 
================================================================================
2025-12-21 00:06:06,363 [INFO] EPOCH 14/50
2025-12-21 00:06:06,363 [INFO] ================================================================================
2025-12-21 00:06:38,365 [INFO] ✓ Train - Loss: 1.0519
2025-12-21 00:06:38,367 [INFO]   Overall: 88.35%
2025-12-21 00:06:38,367 [INFO]   🎯 Binary: 92.40%
2025-12-21 00:06:38,367 [INFO]   Open-Ended: 83.90%
2025-12-21 00:06:42,748 [INFO] ✓ Val - Loss: 1.8230
2025-12-21 00:06:42,749 [INFO]   Overall: 66.57%
2025-12-21 00:06:42,749 [INFO]   🎯 Binary: 68.09%
2025-12-21 00:06:42,750 [INFO]   Open-Ended: 64.91%
2025-12-21 00:06:42,750 [INFO] 📉 Learning rate: 5.00e-05
2025-12-21 00:06:46,994 [INFO] 
================================================================================
2025-12-21 00:06:46,995 [INFO] EPOCH 15/50
2025-12-21 00:06:46,995 [INFO] ================================================================================
2025-12-21 00:07:18,490 [INFO] ✓ Train - Loss: 0.9191
2025-12-21 00:07:18,492 [INFO]   Overall: 89.63%
2025-12-21 00:07:18,492 [INFO]   🎯 Binary: 92.54%
2025-12-21 00:07:18,492 [INFO]   Open-Ended: 86.44%
2025-12-21 00:07:22,560 [INFO] ✓ Val - Loss: 1.7505
2025-12-21 00:07:22,561 [INFO]   Overall: 68.52%
2025-12-21 00:07:22,561 [INFO]   🎯 Binary: 67.55%
2025-12-21 00:07:22,561 [INFO]   Open-Ended: 69.59%
2025-12-21 00:07:22,561 [INFO] 📉 Learning rate: 5.00e-05
2025-12-21 00:07:26,838 [INFO] 
================================================================================
2025-12-21 00:07:26,840 [INFO] EPOCH 16/50
2025-12-21 00:07:26,840 [INFO] ================================================================================
2025-12-21 00:08:08,426 [INFO] ✓ Train - Loss: 0.8010
2025-12-21 00:08:08,429 [INFO]   Overall: 92.12%
2025-12-21 00:08:08,429 [INFO]   🎯 Binary: 95.24%
2025-12-21 00:08:08,429 [INFO]   Open-Ended: 88.69%
2025-12-21 00:08:13,271 [INFO] ✓ Val - Loss: 1.9557
2025-12-21 00:08:13,271 [INFO]   Overall: 69.92%
2025-12-21 00:08:13,271 [INFO]   🎯 Binary: 72.34%
2025-12-21 00:08:13,271 [INFO]   Open-Ended: 67.25%
2025-12-21 00:08:13,272 [INFO] 📉 Learning rate: 2.50e-05
2025-12-21 00:08:18,175 [INFO] 
================================================================================
2025-12-21 00:08:18,176 [INFO] EPOCH 17/50
2025-12-21 00:08:18,176 [INFO] ================================================================================
2025-12-21 00:08:50,542 [INFO] ✓ Train - Loss: 0.7067
2025-12-21 00:08:50,545 [INFO]   Overall: 93.68%
2025-12-21 00:08:50,545 [INFO]   🎯 Binary: 94.42%
2025-12-21 00:08:50,545 [INFO]   Open-Ended: 92.87%
2025-12-21 00:08:55,305 [INFO] ✓ Val - Loss: 1.9091
2025-12-21 00:08:55,306 [INFO]   Overall: 71.59%
2025-12-21 00:08:55,306 [INFO]   🎯 Binary: 73.40%
2025-12-21 00:08:55,306 [INFO]   Open-Ended: 69.59%
2025-12-21 00:08:55,306 [INFO] 📉 Learning rate: 2.50e-05
2025-12-21 00:09:00,167 [INFO] 
================================================================================
2025-12-21 00:09:00,169 [INFO] EPOCH 18/50
2025-12-21 00:09:00,169 [INFO] ================================================================================
2025-12-21 00:09:32,801 [INFO] ✓ Train - Loss: 0.5964
2025-12-21 00:09:32,802 [INFO]   Overall: 94.25%
2025-12-21 00:09:32,802 [INFO]   🎯 Binary: 95.42%
2025-12-21 00:09:32,802 [INFO]   Open-Ended: 92.93%
2025-12-21 00:09:37,202 [INFO] ✓ Val - Loss: 2.0548
2025-12-21 00:09:37,206 [INFO]   Overall: 68.52%
2025-12-21 00:09:37,207 [INFO]   🎯 Binary: 72.34%
2025-12-21 00:09:37,207 [INFO]   Open-Ended: 64.33%
2025-12-21 00:09:37,207 [INFO] 📉 Learning rate: 2.50e-05
2025-12-21 00:09:42,214 [INFO] 
================================================================================
2025-12-21 00:09:42,215 [INFO] EPOCH 19/50
2025-12-21 00:09:42,215 [INFO] ================================================================================
2025-12-21 00:10:28,426 [INFO] ✓ Train - Loss: 0.5558
2025-12-21 00:10:28,430 [INFO]   Overall: 95.17%
2025-12-21 00:10:28,430 [INFO]   🎯 Binary: 95.78%
2025-12-21 00:10:28,430 [INFO]   Open-Ended: 94.51%
2025-12-21 00:10:33,025 [INFO] ✓ Val - Loss: 2.1861
2025-12-21 00:10:33,026 [INFO]   Overall: 69.08%
2025-12-21 00:10:33,026 [INFO]   🎯 Binary: 71.81%
2025-12-21 00:10:33,026 [INFO]   Open-Ended: 66.08%
2025-12-21 00:10:33,026 [INFO] 📉 Learning rate: 2.50e-05
2025-12-21 00:10:37,474 [INFO] 
================================================================================
2025-12-21 00:10:37,476 [INFO] EPOCH 20/50
2025-12-21 00:10:37,476 [INFO] ================================================================================
2025-12-21 00:11:16,389 [INFO] ✓ Train - Loss: 0.5554
2025-12-21 00:11:16,393 [INFO]   Overall: 95.45%
2025-12-21 00:11:16,393 [INFO]   🎯 Binary: 96.60%
2025-12-21 00:11:16,394 [INFO]   Open-Ended: 94.20%
2025-12-21 00:11:21,380 [INFO] ✓ Val - Loss: 2.0978
2025-12-21 00:11:21,382 [INFO]   Overall: 69.36%
2025-12-21 00:11:21,382 [INFO]   🎯 Binary: 71.81%
2025-12-21 00:11:21,382 [INFO]   Open-Ended: 66.67%
2025-12-21 00:11:21,383 [INFO] 📉 Learning rate: 2.50e-05
2025-12-21 00:11:27,156 [INFO] 
================================================================================
2025-12-21 00:11:27,157 [INFO] EPOCH 21/50
2025-12-21 00:11:27,157 [INFO] ================================================================================
2025-12-21 00:12:02,923 [INFO] ✓ Train - Loss: 0.4913
2025-12-21 00:12:02,927 [INFO]   Overall: 95.74%
2025-12-21 00:12:02,927 [INFO]   🎯 Binary: 96.36%
2025-12-21 00:12:02,927 [INFO]   Open-Ended: 95.05%
2025-12-21 00:12:07,298 [INFO] ✓ Val - Loss: 2.2016
2025-12-21 00:12:07,298 [INFO]   Overall: 68.52%
2025-12-21 00:12:07,298 [INFO]   🎯 Binary: 71.28%
2025-12-21 00:12:07,298 [INFO]   Open-Ended: 65.50%
2025-12-21 00:12:07,299 [INFO] 📉 Learning rate: 2.50e-05
2025-12-21 00:12:11,796 [INFO] 
================================================================================
2025-12-21 00:12:11,796 [INFO] EPOCH 22/50
2025-12-21 00:12:11,796 [INFO] ================================================================================
2025-12-21 00:12:44,676 [INFO] ✓ Train - Loss: 0.4443
2025-12-21 00:12:44,678 [INFO]   Overall: 96.80%
2025-12-21 00:12:44,679 [INFO]   🎯 Binary: 97.16%
2025-12-21 00:12:44,679 [INFO]   Open-Ended: 96.41%
2025-12-21 00:12:49,634 [INFO] ✓ Val - Loss: 2.0931
2025-12-21 00:12:49,636 [INFO]   Overall: 70.19%
2025-12-21 00:12:49,636 [INFO]   🎯 Binary: 72.34%
2025-12-21 00:12:49,636 [INFO]   Open-Ended: 67.84%
2025-12-21 00:12:49,637 [INFO] 📉 Learning rate: 1.25e-05
2025-12-21 00:12:54,165 [INFO] 
================================================================================
2025-12-21 00:12:54,166 [INFO] EPOCH 23/50
2025-12-21 00:12:54,166 [INFO] ================================================================================
2025-12-21 00:13:33,543 [INFO] ✓ Train - Loss: 0.4050
2025-12-21 00:13:33,546 [INFO]   Overall: 96.16%
2025-12-21 00:13:33,547 [INFO]   🎯 Binary: 96.49%
2025-12-21 00:13:33,547 [INFO]   Open-Ended: 95.81%
2025-12-21 00:13:38,079 [INFO] ✓ Val - Loss: 2.0914
2025-12-21 00:13:38,082 [INFO]   Overall: 70.19%
2025-12-21 00:13:38,082 [INFO]   🎯 Binary: 72.34%
2025-12-21 00:13:38,082 [INFO]   Open-Ended: 67.84%
2025-12-21 00:13:38,082 [INFO] 📉 Learning rate: 1.25e-05
2025-12-21 00:13:42,874 [INFO] 
================================================================================
2025-12-21 00:13:42,877 [INFO] EPOCH 24/50
2025-12-21 00:13:42,877 [INFO] ================================================================================
2025-12-21 00:14:17,567 [INFO] ✓ Train - Loss: 0.3928
2025-12-21 00:14:17,576 [INFO]   Overall: 97.73%
2025-12-21 00:14:17,576 [INFO]   🎯 Binary: 97.55%
2025-12-21 00:14:17,576 [INFO]   Open-Ended: 97.92%
2025-12-21 00:14:21,920 [INFO] ✓ Val - Loss: 2.0689
2025-12-21 00:14:21,921 [INFO]   Overall: 70.47%
2025-12-21 00:14:21,921 [INFO]   🎯 Binary: 71.81%
2025-12-21 00:14:21,921 [INFO]   Open-Ended: 69.01%
2025-12-21 00:14:21,921 [INFO] 📉 Learning rate: 1.25e-05
2025-12-21 00:14:26,589 [INFO] 
================================================================================
2025-12-21 00:14:26,592 [INFO] EPOCH 25/50
2025-12-21 00:14:26,592 [INFO] ================================================================================
2025-12-21 00:14:59,724 [INFO] ✓ Train - Loss: 0.3702
2025-12-21 00:14:59,727 [INFO]   Overall: 97.80%
2025-12-21 00:14:59,727 [INFO]   🎯 Binary: 97.96%
2025-12-21 00:14:59,728 [INFO]   Open-Ended: 97.62%
2025-12-21 00:15:03,967 [INFO] ✓ Val - Loss: 2.1555
2025-12-21 00:15:03,968 [INFO]   Overall: 70.19%
2025-12-21 00:15:03,968 [INFO]   🎯 Binary: 71.81%
2025-12-21 00:15:03,968 [INFO]   Open-Ended: 68.42%
2025-12-21 00:15:03,968 [INFO] 📉 Learning rate: 1.25e-05
2025-12-21 00:15:09,155 [INFO] 
⚠️ Early stopping at epoch 25
2025-12-21 00:15:10,652 [INFO] 📊 Training curves saved to: checkpoints/dual_head_fixed/training_curves.png
2025-12-21 00:15:10,652 [INFO] 
================================================================================
2025-12-21 00:15:10,652 [INFO] 🎉 TRAINING COMPLETED!
2025-12-21 00:15:10,652 [INFO] ================================================================================
2025-12-21 00:15:10,652 [INFO] Time: 22.66 minutes
2025-12-21 00:15:10,652 [INFO] Best Overall Val Acc: 72.98%
2025-12-21 00:15:10,652 [INFO] Best Binary Val Acc: 70.74%
2025-12-21 00:15:10,652 [INFO] ================================================================================
