2025-12-21 00:33:51,082 [INFO] 
================================================================================
2025-12-21 00:33:51,082 [INFO] DUAL-HEAD BASELINE VQA MODEL TRAINING (ResNet-34 + BERT-base)
2025-12-21 00:33:51,082 [INFO] ================================================================================
2025-12-21 00:33:51,082 [INFO] Device: cuda
2025-12-21 00:33:51,082 [INFO] Binary loss weight: 1.0
2025-12-21 00:33:51,082 [INFO] Using SIMPLIFIED focal loss (NO class weights)
2025-12-21 00:33:51,082 [INFO] ================================================================================
2025-12-21 00:33:51,082 [INFO] 
================================================================================
2025-12-21 00:33:51,082 [INFO] BINARY DISTRIBUTION ANALYSIS
2025-12-21 00:33:51,082 [INFO] ================================================================================
2025-12-21 00:34:13,580 [INFO] Total binary questions: 738
2025-12-21 00:34:13,580 [INFO]   Yes: 371 (50.3%)
2025-12-21 00:34:13,580 [INFO]   No: 367 (49.7%)
2025-12-21 00:34:13,580 [INFO] ✅ Distribution is balanced - NO class weighting needed!
2025-12-21 00:34:13,580 [INFO] ================================================================================
2025-12-21 00:34:14,321 [INFO] ✅ Model initialized successfully!
2025-12-21 00:34:14,321 [INFO] 
================================================================================
2025-12-21 00:34:14,321 [INFO] TRAINING START - DUAL-HEAD BASELINE MODEL
2025-12-21 00:34:14,321 [INFO] ================================================================================
2025-12-21 00:34:14,321 [INFO] 
================================================================================
2025-12-21 00:34:14,321 [INFO] EPOCH 1/50
2025-12-21 00:34:14,321 [INFO] ================================================================================
2025-12-21 00:34:50,622 [INFO] ✓ Train - Loss: 4.6492
2025-12-21 00:34:50,622 [INFO]   Overall: 38.92%
2025-12-21 00:34:50,622 [INFO]   🎯 Binary: 53.87%
2025-12-21 00:34:50,622 [INFO]   Open-Ended: 22.50%
2025-12-21 00:34:56,614 [INFO] ✓ Val - Loss: 1.8883
2025-12-21 00:34:56,614 [INFO]   Overall: 62.12%
2025-12-21 00:34:56,614 [INFO]   🎯 Binary: 52.41%
2025-12-21 00:34:56,614 [INFO]   Open-Ended: 72.67%
2025-12-21 00:34:56,614 [INFO] 📉 Learning rate: 1.01e-05
2025-12-21 00:34:58,449 [INFO] 🌟 NEW BEST! Overall: 62.12%, Binary: 52.41%
2025-12-21 00:35:00,339 [INFO] 
================================================================================
2025-12-21 00:35:00,339 [INFO] EPOCH 2/50
2025-12-21 00:35:00,339 [INFO] ================================================================================
2025-12-21 00:35:36,078 [INFO] ✓ Train - Loss: 3.8085
2025-12-21 00:35:36,078 [INFO]   Overall: 48.79%
2025-12-21 00:35:36,078 [INFO]   🎯 Binary: 55.36%
2025-12-21 00:35:36,078 [INFO]   Open-Ended: 41.58%
2025-12-21 00:35:42,082 [INFO] ✓ Val - Loss: 1.6570
2025-12-21 00:35:42,082 [INFO]   Overall: 68.52%
2025-12-21 00:35:42,082 [INFO]   🎯 Binary: 64.71%
2025-12-21 00:35:42,082 [INFO]   Open-Ended: 72.67%
2025-12-21 00:35:42,082 [INFO] 📉 Learning rate: 2.01e-05
2025-12-21 00:35:45,312 [INFO] 🌟 NEW BEST! Overall: 68.52%, Binary: 64.71%
2025-12-21 00:35:48,485 [INFO] 
================================================================================
2025-12-21 00:35:48,485 [INFO] EPOCH 3/50
2025-12-21 00:35:48,485 [INFO] ================================================================================
2025-12-21 00:36:24,127 [INFO] ✓ Train - Loss: 3.6430
2025-12-21 00:36:24,127 [INFO]   Overall: 49.86%
2025-12-21 00:36:24,127 [INFO]   🎯 Binary: 57.35%
2025-12-21 00:36:24,127 [INFO]   Open-Ended: 41.53%
2025-12-21 00:36:30,147 [INFO] ✓ Val - Loss: 1.5465
2025-12-21 00:36:30,147 [INFO]   Overall: 64.07%
2025-12-21 00:36:30,148 [INFO]   🎯 Binary: 56.15%
2025-12-21 00:36:30,148 [INFO]   Open-Ended: 72.67%
2025-12-21 00:36:30,148 [INFO] 📉 Learning rate: 3.00e-05
2025-12-21 00:36:33,453 [INFO] 
================================================================================
2025-12-21 00:36:33,453 [INFO] EPOCH 4/50
2025-12-21 00:36:33,453 [INFO] ================================================================================
2025-12-21 00:37:09,214 [INFO] ✓ Train - Loss: 3.3044
2025-12-21 00:37:09,215 [INFO]   Overall: 53.69%
2025-12-21 00:37:09,215 [INFO]   🎯 Binary: 62.89%
2025-12-21 00:37:09,215 [INFO]   Open-Ended: 43.48%
2025-12-21 00:37:15,156 [INFO] ✓ Val - Loss: 1.4328
2025-12-21 00:37:15,156 [INFO]   Overall: 67.69%
2025-12-21 00:37:15,156 [INFO]   🎯 Binary: 59.89%
2025-12-21 00:37:15,156 [INFO]   Open-Ended: 76.16%
2025-12-21 00:37:15,156 [INFO] 📉 Learning rate: 4.00e-05
2025-12-21 00:37:17,987 [INFO] 
================================================================================
2025-12-21 00:37:17,988 [INFO] EPOCH 5/50
2025-12-21 00:37:17,988 [INFO] ================================================================================
2025-12-21 00:37:53,882 [INFO] ✓ Train - Loss: 3.0377
2025-12-21 00:37:53,883 [INFO]   Overall: 56.61%
2025-12-21 00:37:53,883 [INFO]   🎯 Binary: 66.58%
2025-12-21 00:37:53,883 [INFO]   Open-Ended: 45.59%
2025-12-21 00:37:59,852 [INFO] ✓ Val - Loss: 1.4559
2025-12-21 00:37:59,853 [INFO]   Overall: 67.97%
2025-12-21 00:37:59,853 [INFO]   🎯 Binary: 60.96%
2025-12-21 00:37:59,853 [INFO]   Open-Ended: 75.58%
2025-12-21 00:37:59,853 [INFO] 📉 Learning rate: 5.00e-05
2025-12-21 00:38:02,866 [INFO] 
================================================================================
2025-12-21 00:38:02,867 [INFO] EPOCH 6/50
2025-12-21 00:38:02,867 [INFO] ================================================================================
2025-12-21 00:38:39,262 [INFO] ✓ Train - Loss: 2.6975
2025-12-21 00:38:39,262 [INFO]   Overall: 59.52%
2025-12-21 00:38:39,262 [INFO]   🎯 Binary: 69.66%
2025-12-21 00:38:39,262 [INFO]   Open-Ended: 48.11%
2025-12-21 00:38:45,224 [INFO] ✓ Val - Loss: 1.3596
2025-12-21 00:38:45,224 [INFO]   Overall: 72.14%
2025-12-21 00:38:45,224 [INFO]   🎯 Binary: 66.84%
2025-12-21 00:38:45,224 [INFO]   Open-Ended: 77.91%
2025-12-21 00:38:45,224 [INFO] 📉 Learning rate: 5.00e-05
2025-12-21 00:38:47,931 [INFO] 🌟 NEW BEST! Overall: 72.14%, Binary: 66.84%
2025-12-21 00:38:50,476 [INFO] 
================================================================================
2025-12-21 00:38:50,477 [INFO] EPOCH 7/50
2025-12-21 00:38:50,477 [INFO] ================================================================================
2025-12-21 00:39:27,002 [INFO] ✓ Train - Loss: 2.3914
2025-12-21 00:39:27,002 [INFO]   Overall: 65.27%
2025-12-21 00:39:27,002 [INFO]   🎯 Binary: 79.05%
2025-12-21 00:39:27,002 [INFO]   Open-Ended: 50.00%
2025-12-21 00:39:33,020 [INFO] ✓ Val - Loss: 1.3042
2025-12-21 00:39:33,020 [INFO]   Overall: 71.87%
2025-12-21 00:39:33,020 [INFO]   🎯 Binary: 65.24%
2025-12-21 00:39:33,020 [INFO]   Open-Ended: 79.07%
2025-12-21 00:39:33,020 [INFO] 📉 Learning rate: 5.00e-05
2025-12-21 00:39:35,817 [INFO] 
================================================================================
2025-12-21 00:39:35,817 [INFO] EPOCH 8/50
2025-12-21 00:39:35,817 [INFO] ================================================================================
2025-12-21 00:40:12,292 [INFO] ✓ Train - Loss: 2.0115
2025-12-21 00:40:12,293 [INFO]   Overall: 70.74%
2025-12-21 00:40:12,293 [INFO]   🎯 Binary: 83.18%
2025-12-21 00:40:12,293 [INFO]   Open-Ended: 57.08%
2025-12-21 00:40:18,290 [INFO] ✓ Val - Loss: 1.3452
2025-12-21 00:40:18,291 [INFO]   Overall: 74.65%
2025-12-21 00:40:18,291 [INFO]   🎯 Binary: 70.05%
2025-12-21 00:40:18,291 [INFO]   Open-Ended: 79.65%
2025-12-21 00:40:18,291 [INFO] 📉 Learning rate: 5.00e-05
2025-12-21 00:40:21,369 [INFO] 🌟 NEW BEST! Overall: 74.65%, Binary: 70.05%
2025-12-21 00:40:24,745 [INFO] 
================================================================================
2025-12-21 00:40:24,745 [INFO] EPOCH 9/50
2025-12-21 00:40:24,745 [INFO] ================================================================================
2025-12-21 00:41:01,304 [INFO] ✓ Train - Loss: 1.7559
2025-12-21 00:41:01,305 [INFO]   Overall: 76.35%
2025-12-21 00:41:01,305 [INFO]   🎯 Binary: 87.79%
2025-12-21 00:41:01,305 [INFO]   Open-Ended: 63.79%
2025-12-21 00:41:07,391 [INFO] ✓ Val - Loss: 1.3947
2025-12-21 00:41:07,391 [INFO]   Overall: 72.42%
2025-12-21 00:41:07,391 [INFO]   🎯 Binary: 71.12%
2025-12-21 00:41:07,391 [INFO]   Open-Ended: 73.84%
2025-12-21 00:41:07,391 [INFO] 📉 Learning rate: 5.00e-05
2025-12-21 00:41:10,542 [INFO] 
================================================================================
2025-12-21 00:41:10,542 [INFO] EPOCH 10/50
2025-12-21 00:41:10,542 [INFO] ================================================================================
2025-12-21 00:41:46,971 [INFO] ✓ Train - Loss: 1.5576
2025-12-21 00:41:46,971 [INFO]   Overall: 78.62%
2025-12-21 00:41:46,971 [INFO]   🎯 Binary: 86.41%
2025-12-21 00:41:46,971 [INFO]   Open-Ended: 69.92%
2025-12-21 00:41:52,974 [INFO] ✓ Val - Loss: 1.5066
2025-12-21 00:41:52,974 [INFO]   Overall: 71.87%
2025-12-21 00:41:52,974 [INFO]   🎯 Binary: 73.26%
2025-12-21 00:41:52,974 [INFO]   Open-Ended: 70.35%
2025-12-21 00:41:52,974 [INFO] 📉 Learning rate: 5.00e-05
2025-12-21 00:41:55,747 [INFO] 
================================================================================
2025-12-21 00:41:55,747 [INFO] EPOCH 11/50
2025-12-21 00:41:55,747 [INFO] ================================================================================
2025-12-21 00:42:32,161 [INFO] ✓ Train - Loss: 1.3451
2025-12-21 00:42:32,161 [INFO]   Overall: 84.16%
2025-12-21 00:42:32,161 [INFO]   🎯 Binary: 90.92%
2025-12-21 00:42:32,161 [INFO]   Open-Ended: 76.72%
2025-12-21 00:42:38,148 [INFO] ✓ Val - Loss: 1.3818
2025-12-21 00:42:38,148 [INFO]   Overall: 75.21%
2025-12-21 00:42:38,148 [INFO]   🎯 Binary: 74.33%
2025-12-21 00:42:38,149 [INFO]   Open-Ended: 76.16%
2025-12-21 00:42:38,149 [INFO] 📉 Learning rate: 5.00e-05
2025-12-21 00:42:41,424 [INFO] 🌟 NEW BEST! Overall: 75.21%, Binary: 74.33%
2025-12-21 00:42:44,869 [INFO] 
================================================================================
2025-12-21 00:42:44,870 [INFO] EPOCH 12/50
2025-12-21 00:42:44,870 [INFO] ================================================================================
2025-12-21 00:43:21,286 [INFO] ✓ Train - Loss: 1.0827
2025-12-21 00:43:21,286 [INFO]   Overall: 88.78%
2025-12-21 00:43:21,286 [INFO]   🎯 Binary: 94.04%
2025-12-21 00:43:21,286 [INFO]   Open-Ended: 82.99%
2025-12-21 00:43:27,291 [INFO] ✓ Val - Loss: 1.4644
2025-12-21 00:43:27,291 [INFO]   Overall: 73.82%
2025-12-21 00:43:27,292 [INFO]   🎯 Binary: 71.12%
2025-12-21 00:43:27,292 [INFO]   Open-Ended: 76.74%
2025-12-21 00:43:27,292 [INFO] 📉 Learning rate: 5.00e-05
2025-12-21 00:43:30,007 [INFO] 
================================================================================
2025-12-21 00:43:30,008 [INFO] EPOCH 13/50
2025-12-21 00:43:30,008 [INFO] ================================================================================
2025-12-21 00:44:06,660 [INFO] ✓ Train - Loss: 0.9534
2025-12-21 00:44:06,661 [INFO]   Overall: 89.99%
2025-12-21 00:44:06,661 [INFO]   🎯 Binary: 92.71%
2025-12-21 00:44:06,661 [INFO]   Open-Ended: 86.96%
2025-12-21 00:44:12,740 [INFO] ✓ Val - Loss: 1.6727
2025-12-21 00:44:12,740 [INFO]   Overall: 69.92%
2025-12-21 00:44:12,740 [INFO]   🎯 Binary: 71.66%
2025-12-21 00:44:12,740 [INFO]   Open-Ended: 68.02%
2025-12-21 00:44:12,740 [INFO] 📉 Learning rate: 5.00e-05
2025-12-21 00:44:16,054 [INFO] 
================================================================================
2025-12-21 00:44:16,055 [INFO] EPOCH 14/50
2025-12-21 00:44:16,055 [INFO] ================================================================================
2025-12-21 00:44:52,503 [INFO] ✓ Train - Loss: 0.8240
2025-12-21 00:44:52,503 [INFO]   Overall: 93.25%
2025-12-21 00:44:52,503 [INFO]   🎯 Binary: 96.05%
2025-12-21 00:44:52,503 [INFO]   Open-Ended: 90.19%
2025-12-21 00:44:58,526 [INFO] ✓ Val - Loss: 1.3841
2025-12-21 00:44:58,526 [INFO]   Overall: 75.77%
2025-12-21 00:44:58,526 [INFO]   🎯 Binary: 73.80%
2025-12-21 00:44:58,527 [INFO]   Open-Ended: 77.91%
2025-12-21 00:44:58,527 [INFO] 📉 Learning rate: 5.00e-05
2025-12-21 00:45:01,867 [INFO] 🌟 NEW BEST! Overall: 75.77%, Binary: 73.80%
2025-12-21 00:45:05,324 [INFO] 
================================================================================
2025-12-21 00:45:05,325 [INFO] EPOCH 15/50
2025-12-21 00:45:05,325 [INFO] ================================================================================
2025-12-21 00:45:41,884 [INFO] ✓ Train - Loss: 0.7206
2025-12-21 00:45:41,884 [INFO]   Overall: 93.61%
2025-12-21 00:45:41,884 [INFO]   🎯 Binary: 95.39%
2025-12-21 00:45:41,884 [INFO]   Open-Ended: 91.64%
2025-12-21 00:45:47,937 [INFO] ✓ Val - Loss: 1.6597
2025-12-21 00:45:47,937 [INFO]   Overall: 72.98%
2025-12-21 00:45:47,937 [INFO]   🎯 Binary: 71.12%
2025-12-21 00:45:47,937 [INFO]   Open-Ended: 75.00%
2025-12-21 00:45:47,938 [INFO] 📉 Learning rate: 5.00e-05
2025-12-21 00:45:51,235 [INFO] 
================================================================================
2025-12-21 00:45:51,236 [INFO] EPOCH 16/50
2025-12-21 00:45:51,236 [INFO] ================================================================================
2025-12-21 00:46:27,916 [INFO] ✓ Train - Loss: 0.6354
2025-12-21 00:46:27,917 [INFO]   Overall: 93.25%
2025-12-21 00:46:27,917 [INFO]   🎯 Binary: 93.05%
2025-12-21 00:46:27,917 [INFO]   Open-Ended: 93.47%
2025-12-21 00:46:33,925 [INFO] ✓ Val - Loss: 1.7454
2025-12-21 00:46:33,925 [INFO]   Overall: 69.36%
2025-12-21 00:46:33,925 [INFO]   🎯 Binary: 68.45%
2025-12-21 00:46:33,925 [INFO]   Open-Ended: 70.35%
2025-12-21 00:46:33,925 [INFO] 📉 Learning rate: 5.00e-05
2025-12-21 00:46:36,613 [INFO] 
================================================================================
2025-12-21 00:46:36,614 [INFO] EPOCH 17/50
2025-12-21 00:46:36,614 [INFO] ================================================================================
2025-12-21 00:47:13,122 [INFO] ✓ Train - Loss: 0.5559
2025-12-21 00:47:13,122 [INFO]   Overall: 95.67%
2025-12-21 00:47:13,122 [INFO]   🎯 Binary: 95.39%
2025-12-21 00:47:13,122 [INFO]   Open-Ended: 95.97%
2025-12-21 00:47:19,137 [INFO] ✓ Val - Loss: 1.5628
2025-12-21 00:47:19,137 [INFO]   Overall: 69.92%
2025-12-21 00:47:19,137 [INFO]   🎯 Binary: 68.98%
2025-12-21 00:47:19,137 [INFO]   Open-Ended: 70.93%
2025-12-21 00:47:19,137 [INFO] 📉 Learning rate: 5.00e-05
2025-12-21 00:47:22,196 [INFO] 
================================================================================
2025-12-21 00:47:22,196 [INFO] EPOCH 18/50
2025-12-21 00:47:22,196 [INFO] ================================================================================
2025-12-21 00:47:58,595 [INFO] ✓ Train - Loss: 0.4712
2025-12-21 00:47:58,595 [INFO]   Overall: 96.45%
2025-12-21 00:47:58,595 [INFO]   🎯 Binary: 96.09%
2025-12-21 00:47:58,595 [INFO]   Open-Ended: 96.85%
2025-12-21 00:48:04,579 [INFO] ✓ Val - Loss: 1.6327
2025-12-21 00:48:04,579 [INFO]   Overall: 71.59%
2025-12-21 00:48:04,579 [INFO]   🎯 Binary: 71.12%
2025-12-21 00:48:04,579 [INFO]   Open-Ended: 72.09%
2025-12-21 00:48:04,579 [INFO] 📉 Learning rate: 5.00e-05
2025-12-21 00:48:07,864 [INFO] 
================================================================================
2025-12-21 00:48:07,864 [INFO] EPOCH 19/50
2025-12-21 00:48:07,864 [INFO] ================================================================================
2025-12-21 00:48:44,379 [INFO] ✓ Train - Loss: 0.4431
2025-12-21 00:48:44,379 [INFO]   Overall: 95.81%
2025-12-21 00:48:44,379 [INFO]   🎯 Binary: 95.82%
2025-12-21 00:48:44,379 [INFO]   Open-Ended: 95.80%
2025-12-21 00:48:50,354 [INFO] ✓ Val - Loss: 1.5328
2025-12-21 00:48:50,354 [INFO]   Overall: 72.70%
2025-12-21 00:48:50,354 [INFO]   🎯 Binary: 69.52%
2025-12-21 00:48:50,354 [INFO]   Open-Ended: 76.16%
2025-12-21 00:48:50,354 [INFO] 📉 Learning rate: 5.00e-05
2025-12-21 00:48:53,115 [INFO] 
================================================================================
2025-12-21 00:48:53,116 [INFO] EPOCH 20/50
2025-12-21 00:48:53,116 [INFO] ================================================================================
2025-12-21 00:49:29,688 [INFO] ✓ Train - Loss: 0.3696
2025-12-21 00:49:29,688 [INFO]   Overall: 96.95%
2025-12-21 00:49:29,688 [INFO]   🎯 Binary: 96.77%
2025-12-21 00:49:29,688 [INFO]   Open-Ended: 97.14%
2025-12-21 00:49:35,621 [INFO] ✓ Val - Loss: 1.7211
2025-12-21 00:49:35,621 [INFO]   Overall: 70.47%
2025-12-21 00:49:35,621 [INFO]   🎯 Binary: 69.52%
2025-12-21 00:49:35,621 [INFO]   Open-Ended: 71.51%
2025-12-21 00:49:35,621 [INFO] 📉 Learning rate: 2.50e-05
2025-12-21 00:49:38,385 [INFO] 
================================================================================
2025-12-21 00:49:38,385 [INFO] EPOCH 21/50
2025-12-21 00:49:38,385 [INFO] ================================================================================
2025-12-21 00:50:14,799 [INFO] ✓ Train - Loss: 0.3233
2025-12-21 00:50:14,800 [INFO]   Overall: 98.30%
2025-12-21 00:50:14,800 [INFO]   🎯 Binary: 98.11%
2025-12-21 00:50:14,800 [INFO]   Open-Ended: 98.51%
2025-12-21 00:50:20,702 [INFO] ✓ Val - Loss: 1.6739
2025-12-21 00:50:20,703 [INFO]   Overall: 71.31%
2025-12-21 00:50:20,703 [INFO]   🎯 Binary: 70.05%
2025-12-21 00:50:20,703 [INFO]   Open-Ended: 72.67%
2025-12-21 00:50:20,703 [INFO] 📉 Learning rate: 2.50e-05
2025-12-21 00:50:23,812 [INFO] 
================================================================================
2025-12-21 00:50:23,812 [INFO] EPOCH 22/50
2025-12-21 00:50:23,812 [INFO] ================================================================================
2025-12-21 00:51:00,218 [INFO] ✓ Train - Loss: 0.2578
2025-12-21 00:51:00,219 [INFO]   Overall: 99.08%
2025-12-21 00:51:00,219 [INFO]   🎯 Binary: 98.78%
2025-12-21 00:51:00,219 [INFO]   Open-Ended: 99.40%
2025-12-21 00:51:06,168 [INFO] ✓ Val - Loss: 1.6480
2025-12-21 00:51:06,168 [INFO]   Overall: 71.87%
2025-12-21 00:51:06,168 [INFO]   🎯 Binary: 68.45%
2025-12-21 00:51:06,169 [INFO]   Open-Ended: 75.58%
2025-12-21 00:51:06,169 [INFO] 📉 Learning rate: 2.50e-05
2025-12-21 00:51:09,498 [INFO] 
================================================================================
2025-12-21 00:51:09,498 [INFO] EPOCH 23/50
2025-12-21 00:51:09,498 [INFO] ================================================================================
2025-12-21 00:51:46,549 [INFO] ✓ Train - Loss: 0.2365
2025-12-21 00:51:46,549 [INFO]   Overall: 99.01%
2025-12-21 00:51:46,549 [INFO]   🎯 Binary: 98.78%
2025-12-21 00:51:46,549 [INFO]   Open-Ended: 99.25%
2025-12-21 00:51:52,608 [INFO] ✓ Val - Loss: 1.6954
2025-12-21 00:51:52,608 [INFO]   Overall: 72.70%
2025-12-21 00:51:52,608 [INFO]   🎯 Binary: 72.73%
2025-12-21 00:51:52,608 [INFO]   Open-Ended: 72.67%
2025-12-21 00:51:52,608 [INFO] 📉 Learning rate: 2.50e-05
2025-12-21 00:51:55,394 [INFO] 
================================================================================
2025-12-21 00:51:55,394 [INFO] EPOCH 24/50
2025-12-21 00:51:55,395 [INFO] ================================================================================
2025-12-21 00:52:31,911 [INFO] ✓ Train - Loss: 0.2198
2025-12-21 00:52:31,912 [INFO]   Overall: 99.50%
2025-12-21 00:52:31,912 [INFO]   🎯 Binary: 99.60%
2025-12-21 00:52:31,912 [INFO]   Open-Ended: 99.40%
2025-12-21 00:52:37,889 [INFO] ✓ Val - Loss: 1.7536
2025-12-21 00:52:37,889 [INFO]   Overall: 71.87%
2025-12-21 00:52:37,890 [INFO]   🎯 Binary: 72.73%
2025-12-21 00:52:37,890 [INFO]   Open-Ended: 70.93%
2025-12-21 00:52:37,890 [INFO] 📉 Learning rate: 2.50e-05
2025-12-21 00:52:40,635 [INFO] 
================================================================================
2025-12-21 00:52:40,636 [INFO] EPOCH 25/50
2025-12-21 00:52:40,636 [INFO] ================================================================================
2025-12-21 00:53:17,266 [INFO] ✓ Train - Loss: 0.2157
2025-12-21 00:53:17,266 [INFO]   Overall: 99.29%
2025-12-21 00:53:17,266 [INFO]   🎯 Binary: 99.05%
2025-12-21 00:53:17,266 [INFO]   Open-Ended: 99.55%
2025-12-21 00:53:23,274 [INFO] ✓ Val - Loss: 1.7242
2025-12-21 00:53:23,274 [INFO]   Overall: 73.26%
2025-12-21 00:53:23,274 [INFO]   🎯 Binary: 73.26%
2025-12-21 00:53:23,274 [INFO]   Open-Ended: 73.26%
2025-12-21 00:53:23,274 [INFO] 📉 Learning rate: 2.50e-05
2025-12-21 00:53:26,629 [INFO] 
================================================================================
2025-12-21 00:53:26,629 [INFO] EPOCH 26/50
2025-12-21 00:53:26,629 [INFO] ================================================================================
2025-12-21 00:54:03,069 [INFO] ✓ Train - Loss: 0.1968
2025-12-21 00:54:03,069 [INFO]   Overall: 99.57%
2025-12-21 00:54:03,069 [INFO]   🎯 Binary: 99.32%
2025-12-21 00:54:03,069 [INFO]   Open-Ended: 99.85%
2025-12-21 00:54:09,116 [INFO] ✓ Val - Loss: 1.7203
2025-12-21 00:54:09,116 [INFO]   Overall: 72.70%
2025-12-21 00:54:09,116 [INFO]   🎯 Binary: 72.19%
2025-12-21 00:54:09,116 [INFO]   Open-Ended: 73.26%
2025-12-21 00:54:09,116 [INFO] 📉 Learning rate: 1.25e-05
2025-12-21 00:54:12,112 [INFO] 
================================================================================
2025-12-21 00:54:12,112 [INFO] EPOCH 27/50
2025-12-21 00:54:12,112 [INFO] ================================================================================
2025-12-21 00:54:48,591 [INFO] ✓ Train - Loss: 0.1683
2025-12-21 00:54:48,592 [INFO]   Overall: 99.86%
2025-12-21 00:54:48,592 [INFO]   🎯 Binary: 99.86%
2025-12-21 00:54:48,592 [INFO]   Open-Ended: 99.85%
2025-12-21 00:54:54,602 [INFO] ✓ Val - Loss: 1.7922
2025-12-21 00:54:54,602 [INFO]   Overall: 70.19%
2025-12-21 00:54:54,602 [INFO]   🎯 Binary: 71.66%
2025-12-21 00:54:54,602 [INFO]   Open-Ended: 68.60%
2025-12-21 00:54:54,602 [INFO] 📉 Learning rate: 1.25e-05
2025-12-21 00:54:57,284 [INFO] 
================================================================================
2025-12-21 00:54:57,284 [INFO] EPOCH 28/50
2025-12-21 00:54:57,284 [INFO] ================================================================================
2025-12-21 00:55:33,685 [INFO] ✓ Train - Loss: 0.1821
2025-12-21 00:55:33,686 [INFO]   Overall: 99.64%
2025-12-21 00:55:33,686 [INFO]   🎯 Binary: 99.46%
2025-12-21 00:55:33,686 [INFO]   Open-Ended: 99.85%
2025-12-21 00:55:39,649 [INFO] ✓ Val - Loss: 1.6630
2025-12-21 00:55:39,649 [INFO]   Overall: 74.37%
2025-12-21 00:55:39,649 [INFO]   🎯 Binary: 72.73%
2025-12-21 00:55:39,650 [INFO]   Open-Ended: 76.16%
2025-12-21 00:55:39,650 [INFO] 📉 Learning rate: 1.25e-05
2025-12-21 00:55:42,380 [INFO] 
================================================================================
2025-12-21 00:55:42,381 [INFO] EPOCH 29/50
2025-12-21 00:55:42,381 [INFO] ================================================================================
2025-12-21 00:56:19,187 [INFO] ✓ Train - Loss: 0.1608
2025-12-21 00:56:19,187 [INFO]   Overall: 99.86%
2025-12-21 00:56:19,187 [INFO]   🎯 Binary: 99.86%
2025-12-21 00:56:19,187 [INFO]   Open-Ended: 99.85%
2025-12-21 00:56:25,141 [INFO] ✓ Val - Loss: 1.7369
2025-12-21 00:56:25,141 [INFO]   Overall: 72.70%
2025-12-21 00:56:25,141 [INFO]   🎯 Binary: 72.73%
2025-12-21 00:56:25,141 [INFO]   Open-Ended: 72.67%
2025-12-21 00:56:25,142 [INFO] 📉 Learning rate: 1.25e-05
2025-12-21 00:56:28,279 [INFO] 
⚠️ Early stopping at epoch 29
2025-12-21 00:56:30,344 [INFO] 📊 Training curves saved to: checkpoints/baseline_dual_head_v2/training_curves.png
2025-12-21 00:56:30,344 [INFO] 
================================================================================
2025-12-21 00:56:30,344 [INFO] 🎉 TRAINING COMPLETED!
2025-12-21 00:56:30,344 [INFO] ================================================================================
2025-12-21 00:56:30,344 [INFO] Time: 22.23 minutes
2025-12-21 00:56:30,344 [INFO] Best Overall Val Acc: 75.77%
2025-12-21 00:56:30,344 [INFO] Best Binary Val Acc: 73.80%
2025-12-21 00:56:30,344 [INFO] ================================================================================
2025-12-21 01:29:43,876 [INFO] 
================================================================================
2025-12-21 01:29:43,877 [INFO] DUAL-HEAD BASELINE VQA MODEL TRAINING (ResNet-34 + BERT-base)
2025-12-21 01:29:43,877 [INFO] ================================================================================
2025-12-21 01:29:43,877 [INFO] Device: cuda
2025-12-21 01:29:43,877 [INFO] Binary loss weight: 1.0
2025-12-21 01:29:43,877 [INFO] Using SIMPLIFIED focal loss (NO class weights)
2025-12-21 01:29:43,877 [INFO] ================================================================================
2025-12-21 01:29:43,877 [INFO] 
================================================================================
2025-12-21 01:29:43,877 [INFO] BINARY DISTRIBUTION ANALYSIS
2025-12-21 01:29:43,877 [INFO] ================================================================================
2025-12-21 01:30:06,361 [INFO] Total binary questions: 738
2025-12-21 01:30:06,361 [INFO]   Yes: 371 (50.3%)
2025-12-21 01:30:06,361 [INFO]   No: 367 (49.7%)
2025-12-21 01:30:06,361 [INFO] ✅ Distribution is balanced - NO class weighting needed!
2025-12-21 01:30:06,361 [INFO] ================================================================================
2025-12-21 01:30:07,108 [INFO] ✅ Model initialized successfully!
2025-12-21 01:30:07,108 [INFO] 
================================================================================
2025-12-21 01:30:07,108 [INFO] TRAINING START - DUAL-HEAD BASELINE MODEL
2025-12-21 01:30:07,108 [INFO] ================================================================================
2025-12-21 01:30:07,108 [INFO] 
================================================================================
2025-12-21 01:30:07,108 [INFO] EPOCH 1/50
2025-12-21 01:30:07,108 [INFO] ================================================================================
2025-12-21 01:30:42,775 [INFO] ✓ Train - Loss: 4.5695
2025-12-21 01:30:42,776 [INFO]   Overall: 39.20%
2025-12-21 01:30:42,776 [INFO]   🎯 Binary: 52.51%
2025-12-21 01:30:42,776 [INFO]   Open-Ended: 24.59%
2025-12-21 01:30:48,847 [INFO] ✓ Val - Loss: 1.9704
2025-12-21 01:30:48,847 [INFO]   Overall: 59.61%
2025-12-21 01:30:48,848 [INFO]   🎯 Binary: 47.59%
2025-12-21 01:30:48,848 [INFO]   Open-Ended: 72.67%
2025-12-21 01:30:48,848 [INFO] 📉 Learning rate: 1.01e-05
2025-12-21 01:30:52,145 [INFO] 🌟 NEW BEST! Overall: 59.61%, Binary: 47.59%
2025-12-21 01:30:55,662 [INFO] 
================================================================================
2025-12-21 01:30:55,662 [INFO] EPOCH 2/50
2025-12-21 01:30:55,662 [INFO] ================================================================================
2025-12-21 01:31:31,387 [INFO] ✓ Train - Loss: 3.7921
2025-12-21 01:31:31,387 [INFO]   Overall: 48.72%
2025-12-21 01:31:31,387 [INFO]   🎯 Binary: 54.72%
2025-12-21 01:31:31,387 [INFO]   Open-Ended: 42.04%
2025-12-21 01:31:37,462 [INFO] ✓ Val - Loss: 1.7411
2025-12-21 01:31:37,462 [INFO]   Overall: 64.62%
2025-12-21 01:31:37,462 [INFO]   🎯 Binary: 57.22%
2025-12-21 01:31:37,462 [INFO]   Open-Ended: 72.67%
2025-12-21 01:31:37,462 [INFO] 📉 Learning rate: 2.01e-05
2025-12-21 01:31:40,507 [INFO] 🌟 NEW BEST! Overall: 64.62%, Binary: 57.22%
2025-12-21 01:31:43,826 [INFO] 
================================================================================
2025-12-21 01:31:43,827 [INFO] EPOCH 3/50
2025-12-21 01:31:43,827 [INFO] ================================================================================
2025-12-21 01:32:19,837 [INFO] ✓ Train - Loss: 3.5291
2025-12-21 01:32:19,837 [INFO]   Overall: 50.57%
2025-12-21 01:32:19,838 [INFO]   🎯 Binary: 58.03%
2025-12-21 01:32:19,838 [INFO]   Open-Ended: 42.28%
2025-12-21 01:32:26,000 [INFO] ✓ Val - Loss: 1.5672
2025-12-21 01:32:26,001 [INFO]   Overall: 70.19%
2025-12-21 01:32:26,001 [INFO]   🎯 Binary: 67.91%
2025-12-21 01:32:26,001 [INFO]   Open-Ended: 72.67%
2025-12-21 01:32:26,001 [INFO] 📉 Learning rate: 3.00e-05
2025-12-21 01:32:29,290 [INFO] 🌟 NEW BEST! Overall: 70.19%, Binary: 67.91%
2025-12-21 01:32:32,671 [INFO] 
================================================================================
2025-12-21 01:32:32,672 [INFO] EPOCH 4/50
2025-12-21 01:32:32,672 [INFO] ================================================================================
2025-12-21 01:33:08,550 [INFO] ✓ Train - Loss: 3.3253
2025-12-21 01:33:08,550 [INFO]   Overall: 56.18%
2025-12-21 01:33:08,550 [INFO]   🎯 Binary: 68.42%
2025-12-21 01:33:08,550 [INFO]   Open-Ended: 42.58%
2025-12-21 01:33:14,670 [INFO] ✓ Val - Loss: 1.4610
2025-12-21 01:33:14,670 [INFO]   Overall: 70.47%
2025-12-21 01:33:14,670 [INFO]   🎯 Binary: 65.24%
2025-12-21 01:33:14,670 [INFO]   Open-Ended: 76.16%
2025-12-21 01:33:14,671 [INFO] 📉 Learning rate: 4.00e-05
2025-12-21 01:33:17,399 [INFO] 🌟 NEW BEST! Overall: 70.47%, Binary: 65.24%
2025-12-21 01:33:19,912 [INFO] 
================================================================================
2025-12-21 01:33:19,912 [INFO] EPOCH 5/50
2025-12-21 01:33:19,913 [INFO] ================================================================================
2025-12-21 01:33:56,322 [INFO] ✓ Train - Loss: 2.9953
2025-12-21 01:33:56,322 [INFO]   Overall: 59.30%
2025-12-21 01:33:56,322 [INFO]   🎯 Binary: 71.47%
2025-12-21 01:33:56,322 [INFO]   Open-Ended: 45.98%
2025-12-21 01:34:02,380 [INFO] ✓ Val - Loss: 1.3209
2025-12-21 01:34:02,381 [INFO]   Overall: 70.19%
2025-12-21 01:34:02,381 [INFO]   🎯 Binary: 64.71%
2025-12-21 01:34:02,381 [INFO]   Open-Ended: 76.16%
2025-12-21 01:34:02,381 [INFO] 📉 Learning rate: 5.00e-05
2025-12-21 01:34:05,126 [INFO] 
================================================================================
2025-12-21 01:34:05,127 [INFO] EPOCH 6/50
2025-12-21 01:34:05,127 [INFO] ================================================================================
2025-12-21 01:34:41,383 [INFO] ✓ Train - Loss: 2.6244
2025-12-21 01:34:41,384 [INFO]   Overall: 61.51%
2025-12-21 01:34:41,384 [INFO]   🎯 Binary: 71.76%
2025-12-21 01:34:41,384 [INFO]   Open-Ended: 50.15%
2025-12-21 01:34:47,438 [INFO] ✓ Val - Loss: 1.3468
2025-12-21 01:34:47,439 [INFO]   Overall: 70.19%
2025-12-21 01:34:47,439 [INFO]   🎯 Binary: 63.64%
2025-12-21 01:34:47,439 [INFO]   Open-Ended: 77.33%
2025-12-21 01:34:47,439 [INFO] 📉 Learning rate: 5.00e-05
2025-12-21 01:34:50,137 [INFO] 
================================================================================
2025-12-21 01:34:50,137 [INFO] EPOCH 7/50
2025-12-21 01:34:50,137 [INFO] ================================================================================
2025-12-21 01:35:26,857 [INFO] ✓ Train - Loss: 2.3472
2025-12-21 01:35:26,858 [INFO]   Overall: 66.41%
2025-12-21 01:35:26,858 [INFO]   🎯 Binary: 78.24%
2025-12-21 01:35:26,858 [INFO]   Open-Ended: 53.29%
2025-12-21 01:35:32,908 [INFO] ✓ Val - Loss: 1.2264
2025-12-21 01:35:32,909 [INFO]   Overall: 72.70%
2025-12-21 01:35:32,909 [INFO]   🎯 Binary: 68.98%
2025-12-21 01:35:32,909 [INFO]   Open-Ended: 76.74%
2025-12-21 01:35:32,909 [INFO] 📉 Learning rate: 5.00e-05
2025-12-21 01:35:35,677 [INFO] 🌟 NEW BEST! Overall: 72.70%, Binary: 68.98%
2025-12-21 01:35:38,538 [INFO] 
================================================================================
2025-12-21 01:35:38,539 [INFO] EPOCH 8/50
2025-12-21 01:35:38,539 [INFO] ================================================================================
2025-12-21 01:36:15,148 [INFO] ✓ Train - Loss: 2.0629
2025-12-21 01:36:15,148 [INFO]   Overall: 70.53%
2025-12-21 01:36:15,148 [INFO]   🎯 Binary: 81.95%
2025-12-21 01:36:15,148 [INFO]   Open-Ended: 57.97%
2025-12-21 01:36:21,208 [INFO] ✓ Val - Loss: 1.2393
2025-12-21 01:36:21,209 [INFO]   Overall: 73.26%
2025-12-21 01:36:21,209 [INFO]   🎯 Binary: 68.45%
2025-12-21 01:36:21,209 [INFO]   Open-Ended: 78.49%
2025-12-21 01:36:21,209 [INFO] 📉 Learning rate: 5.00e-05
2025-12-21 01:36:23,967 [INFO] 🌟 NEW BEST! Overall: 73.26%, Binary: 68.45%
2025-12-21 01:36:26,531 [INFO] 
================================================================================
2025-12-21 01:36:26,532 [INFO] EPOCH 9/50
2025-12-21 01:36:26,532 [INFO] ================================================================================
2025-12-21 01:37:03,193 [INFO] ✓ Train - Loss: 1.7800
2025-12-21 01:37:03,194 [INFO]   Overall: 75.57%
2025-12-21 01:37:03,194 [INFO]   🎯 Binary: 86.67%
2025-12-21 01:37:03,194 [INFO]   Open-Ended: 63.45%
2025-12-21 01:37:09,265 [INFO] ✓ Val - Loss: 1.2352
2025-12-21 01:37:09,265 [INFO]   Overall: 75.77%
2025-12-21 01:37:09,265 [INFO]   🎯 Binary: 72.19%
2025-12-21 01:37:09,265 [INFO]   Open-Ended: 79.65%
2025-12-21 01:37:09,265 [INFO] 📉 Learning rate: 5.00e-05
2025-12-21 01:37:11,992 [INFO] 🌟 NEW BEST! Overall: 75.77%, Binary: 72.19%
2025-12-21 01:37:14,536 [INFO] 
================================================================================
2025-12-21 01:37:14,536 [INFO] EPOCH 10/50
2025-12-21 01:37:14,537 [INFO] ================================================================================
2025-12-21 01:37:51,549 [INFO] ✓ Train - Loss: 1.5540
2025-12-21 01:37:51,550 [INFO]   Overall: 77.98%
2025-12-21 01:37:51,550 [INFO]   🎯 Binary: 87.06%
2025-12-21 01:37:51,550 [INFO]   Open-Ended: 67.87%
2025-12-21 01:37:57,611 [INFO] ✓ Val - Loss: 1.3315
2025-12-21 01:37:57,611 [INFO]   Overall: 72.98%
2025-12-21 01:37:57,611 [INFO]   🎯 Binary: 68.45%
2025-12-21 01:37:57,611 [INFO]   Open-Ended: 77.91%
2025-12-21 01:37:57,611 [INFO] 📉 Learning rate: 5.00e-05
2025-12-21 01:38:00,317 [INFO] 
================================================================================
2025-12-21 01:38:00,317 [INFO] EPOCH 11/50
2025-12-21 01:38:00,317 [INFO] ================================================================================
2025-12-21 01:38:36,999 [INFO] ✓ Train - Loss: 1.2602
2025-12-21 01:38:37,000 [INFO]   Overall: 84.73%
2025-12-21 01:38:37,000 [INFO]   🎯 Binary: 90.82%
2025-12-21 01:38:37,000 [INFO]   Open-Ended: 77.96%
2025-12-21 01:38:43,113 [INFO] ✓ Val - Loss: 1.4056
2025-12-21 01:38:43,113 [INFO]   Overall: 72.14%
2025-12-21 01:38:43,113 [INFO]   🎯 Binary: 67.91%
2025-12-21 01:38:43,113 [INFO]   Open-Ended: 76.74%
2025-12-21 01:38:43,113 [INFO] 📉 Learning rate: 5.00e-05
2025-12-21 01:38:46,217 [INFO] 
================================================================================
2025-12-21 01:38:46,217 [INFO] EPOCH 12/50
2025-12-21 01:38:46,217 [INFO] ================================================================================
2025-12-21 01:39:22,925 [INFO] ✓ Train - Loss: 1.1587
2025-12-21 01:39:22,925 [INFO]   Overall: 86.58%
2025-12-21 01:39:22,926 [INFO]   🎯 Binary: 91.90%
2025-12-21 01:39:22,926 [INFO]   Open-Ended: 80.66%
2025-12-21 01:39:29,057 [INFO] ✓ Val - Loss: 1.5905
2025-12-21 01:39:29,057 [INFO]   Overall: 72.98%
2025-12-21 01:39:29,057 [INFO]   🎯 Binary: 71.12%
2025-12-21 01:39:29,057 [INFO]   Open-Ended: 75.00%
2025-12-21 01:39:29,058 [INFO] 📉 Learning rate: 5.00e-05
2025-12-21 01:39:31,790 [INFO] 
================================================================================
2025-12-21 01:39:31,791 [INFO] EPOCH 13/50
2025-12-21 01:39:31,791 [INFO] ================================================================================
2025-12-21 01:40:08,339 [INFO] ✓ Train - Loss: 0.9508
2025-12-21 01:40:08,339 [INFO]   Overall: 91.34%
2025-12-21 01:40:08,339 [INFO]   🎯 Binary: 95.42%
2025-12-21 01:40:08,339 [INFO]   Open-Ended: 86.77%
2025-12-21 01:40:14,455 [INFO] ✓ Val - Loss: 1.5187
2025-12-21 01:40:14,455 [INFO]   Overall: 72.70%
2025-12-21 01:40:14,456 [INFO]   🎯 Binary: 70.05%
2025-12-21 01:40:14,456 [INFO]   Open-Ended: 75.58%
2025-12-21 01:40:14,456 [INFO] 📉 Learning rate: 5.00e-05
2025-12-21 01:40:17,194 [INFO] 
================================================================================
2025-12-21 01:40:17,194 [INFO] EPOCH 14/50
2025-12-21 01:40:17,194 [INFO] ================================================================================
2025-12-21 01:40:53,934 [INFO] ✓ Train - Loss: 0.8343
2025-12-21 01:40:53,934 [INFO]   Overall: 91.97%
2025-12-21 01:40:53,934 [INFO]   🎯 Binary: 94.06%
2025-12-21 01:40:53,934 [INFO]   Open-Ended: 89.66%
2025-12-21 01:41:00,078 [INFO] ✓ Val - Loss: 1.4039
2025-12-21 01:41:00,079 [INFO]   Overall: 74.37%
2025-12-21 01:41:00,079 [INFO]   🎯 Binary: 70.59%
2025-12-21 01:41:00,079 [INFO]   Open-Ended: 78.49%
2025-12-21 01:41:00,079 [INFO] 📉 Learning rate: 5.00e-05
2025-12-21 01:41:02,787 [INFO] 
================================================================================
2025-12-21 01:41:02,787 [INFO] EPOCH 15/50
2025-12-21 01:41:02,787 [INFO] ================================================================================
2025-12-21 01:41:39,401 [INFO] ✓ Train - Loss: 0.7212
2025-12-21 01:41:39,401 [INFO]   Overall: 94.39%
2025-12-21 01:41:39,401 [INFO]   🎯 Binary: 95.51%
2025-12-21 01:41:39,401 [INFO]   Open-Ended: 93.16%
2025-12-21 01:41:45,546 [INFO] ✓ Val - Loss: 1.6451
2025-12-21 01:41:45,546 [INFO]   Overall: 72.98%
2025-12-21 01:41:45,546 [INFO]   🎯 Binary: 71.12%
2025-12-21 01:41:45,547 [INFO]   Open-Ended: 75.00%
2025-12-21 01:41:45,547 [INFO] 📉 Learning rate: 2.50e-05
2025-12-21 01:41:48,231 [INFO] 
================================================================================
2025-12-21 01:41:48,231 [INFO] EPOCH 16/50
2025-12-21 01:41:48,232 [INFO] ================================================================================
2025-12-21 01:42:24,854 [INFO] ✓ Train - Loss: 0.5885
2025-12-21 01:42:24,854 [INFO]   Overall: 95.67%
2025-12-21 01:42:24,854 [INFO]   🎯 Binary: 96.09%
2025-12-21 01:42:24,854 [INFO]   Open-Ended: 95.20%
2025-12-21 01:42:30,941 [INFO] ✓ Val - Loss: 1.6847
2025-12-21 01:42:30,941 [INFO]   Overall: 72.14%
2025-12-21 01:42:30,941 [INFO]   🎯 Binary: 71.66%
2025-12-21 01:42:30,941 [INFO]   Open-Ended: 72.67%
2025-12-21 01:42:30,941 [INFO] 📉 Learning rate: 2.50e-05
2025-12-21 01:42:33,714 [INFO] 
================================================================================
2025-12-21 01:42:33,714 [INFO] EPOCH 17/50
2025-12-21 01:42:33,715 [INFO] ================================================================================
2025-12-21 01:43:10,619 [INFO] ✓ Train - Loss: 0.4798
2025-12-21 01:43:10,619 [INFO]   Overall: 97.16%
2025-12-21 01:43:10,620 [INFO]   🎯 Binary: 97.17%
2025-12-21 01:43:10,620 [INFO]   Open-Ended: 97.15%
2025-12-21 01:43:16,663 [INFO] ✓ Val - Loss: 1.6045
2025-12-21 01:43:16,663 [INFO]   Overall: 75.49%
2025-12-21 01:43:16,663 [INFO]   🎯 Binary: 75.40%
2025-12-21 01:43:16,663 [INFO]   Open-Ended: 75.58%
2025-12-21 01:43:16,663 [INFO] 📉 Learning rate: 2.50e-05
2025-12-21 01:43:19,408 [INFO] 
================================================================================
2025-12-21 01:43:19,409 [INFO] EPOCH 18/50
2025-12-21 01:43:19,409 [INFO] ================================================================================
2025-12-21 01:43:56,006 [INFO] ✓ Train - Loss: 0.4230
2025-12-21 01:43:56,006 [INFO]   Overall: 98.15%
2025-12-21 01:43:56,006 [INFO]   🎯 Binary: 98.65%
2025-12-21 01:43:56,006 [INFO]   Open-Ended: 97.60%
2025-12-21 01:44:02,178 [INFO] ✓ Val - Loss: 1.5756
2025-12-21 01:44:02,178 [INFO]   Overall: 74.65%
2025-12-21 01:44:02,178 [INFO]   🎯 Binary: 73.80%
2025-12-21 01:44:02,179 [INFO]   Open-Ended: 75.58%
2025-12-21 01:44:02,179 [INFO] 📉 Learning rate: 2.50e-05
2025-12-21 01:44:05,300 [INFO] 
================================================================================
2025-12-21 01:44:05,300 [INFO] EPOCH 19/50
2025-12-21 01:44:05,300 [INFO] ================================================================================
2025-12-21 01:44:41,995 [INFO] ✓ Train - Loss: 0.4120
2025-12-21 01:44:41,995 [INFO]   Overall: 98.30%
2025-12-21 01:44:41,995 [INFO]   🎯 Binary: 98.51%
2025-12-21 01:44:41,995 [INFO]   Open-Ended: 98.06%
2025-12-21 01:44:48,020 [INFO] ✓ Val - Loss: 1.7097
2025-12-21 01:44:48,020 [INFO]   Overall: 72.42%
2025-12-21 01:44:48,020 [INFO]   🎯 Binary: 73.80%
2025-12-21 01:44:48,020 [INFO]   Open-Ended: 70.93%
2025-12-21 01:44:48,020 [INFO] 📉 Learning rate: 2.50e-05
2025-12-21 01:44:50,756 [INFO] 
================================================================================
2025-12-21 01:44:50,756 [INFO] EPOCH 20/50
2025-12-21 01:44:50,757 [INFO] ================================================================================
2025-12-21 01:45:27,454 [INFO] ✓ Train - Loss: 0.3728
2025-12-21 01:45:27,454 [INFO]   Overall: 98.30%
2025-12-21 01:45:27,454 [INFO]   🎯 Binary: 97.97%
2025-12-21 01:45:27,454 [INFO]   Open-Ended: 98.65%
2025-12-21 01:45:33,662 [INFO] ✓ Val - Loss: 1.6820
2025-12-21 01:45:33,662 [INFO]   Overall: 74.37%
2025-12-21 01:45:33,663 [INFO]   🎯 Binary: 74.87%
2025-12-21 01:45:33,663 [INFO]   Open-Ended: 73.84%
2025-12-21 01:45:33,663 [INFO] 📉 Learning rate: 2.50e-05
2025-12-21 01:45:36,367 [INFO] 
================================================================================
2025-12-21 01:45:36,368 [INFO] EPOCH 21/50
2025-12-21 01:45:36,368 [INFO] ================================================================================
2025-12-21 01:46:13,059 [INFO] ✓ Train - Loss: 0.3401
2025-12-21 01:46:13,059 [INFO]   Overall: 98.72%
2025-12-21 01:46:13,059 [INFO]   🎯 Binary: 99.06%
2025-12-21 01:46:13,059 [INFO]   Open-Ended: 98.35%
2025-12-21 01:46:19,148 [INFO] ✓ Val - Loss: 1.8212
2025-12-21 01:46:19,148 [INFO]   Overall: 74.09%
2025-12-21 01:46:19,148 [INFO]   🎯 Binary: 75.94%
2025-12-21 01:46:19,148 [INFO]   Open-Ended: 72.09%
2025-12-21 01:46:19,148 [INFO] 📉 Learning rate: 1.25e-05
2025-12-21 01:46:21,872 [INFO] 
================================================================================
2025-12-21 01:46:21,872 [INFO] EPOCH 22/50
2025-12-21 01:46:21,873 [INFO] ================================================================================
2025-12-21 01:46:58,785 [INFO] ✓ Train - Loss: 0.2949
2025-12-21 01:46:58,785 [INFO]   Overall: 98.58%
2025-12-21 01:46:58,785 [INFO]   🎯 Binary: 98.65%
2025-12-21 01:46:58,785 [INFO]   Open-Ended: 98.51%
2025-12-21 01:47:04,844 [INFO] ✓ Val - Loss: 1.6437
2025-12-21 01:47:04,844 [INFO]   Overall: 75.49%
2025-12-21 01:47:04,844 [INFO]   🎯 Binary: 75.94%
2025-12-21 01:47:04,844 [INFO]   Open-Ended: 75.00%
2025-12-21 01:47:04,844 [INFO] 📉 Learning rate: 1.25e-05
2025-12-21 01:47:07,611 [INFO] 
================================================================================
2025-12-21 01:47:07,611 [INFO] EPOCH 23/50
2025-12-21 01:47:07,611 [INFO] ================================================================================
2025-12-21 01:47:44,218 [INFO] ✓ Train - Loss: 0.2826
2025-12-21 01:47:44,218 [INFO]   Overall: 99.29%
2025-12-21 01:47:44,218 [INFO]   🎯 Binary: 99.18%
2025-12-21 01:47:44,219 [INFO]   Open-Ended: 99.41%
2025-12-21 01:47:50,315 [INFO] ✓ Val - Loss: 1.6730
2025-12-21 01:47:50,315 [INFO]   Overall: 75.21%
2025-12-21 01:47:50,315 [INFO]   🎯 Binary: 74.33%
2025-12-21 01:47:50,315 [INFO]   Open-Ended: 76.16%
2025-12-21 01:47:50,315 [INFO] 📉 Learning rate: 1.25e-05
2025-12-21 01:47:53,075 [INFO] 
================================================================================
2025-12-21 01:47:53,075 [INFO] EPOCH 24/50
2025-12-21 01:47:53,075 [INFO] ================================================================================
2025-12-21 01:48:29,781 [INFO] ✓ Train - Loss: 0.2703
2025-12-21 01:48:29,782 [INFO]   Overall: 99.64%
2025-12-21 01:48:29,782 [INFO]   🎯 Binary: 99.86%
2025-12-21 01:48:29,782 [INFO]   Open-Ended: 99.40%
2025-12-21 01:48:35,898 [INFO] ✓ Val - Loss: 1.7546
2025-12-21 01:48:35,898 [INFO]   Overall: 73.26%
2025-12-21 01:48:35,898 [INFO]   🎯 Binary: 74.33%
2025-12-21 01:48:35,898 [INFO]   Open-Ended: 72.09%
2025-12-21 01:48:35,898 [INFO] 📉 Learning rate: 1.25e-05
2025-12-21 01:48:38,639 [INFO] 
⚠️ Early stopping at epoch 24
2025-12-21 01:48:40,579 [INFO] 📊 Training curves saved to: checkpoints/baseline_dual_head_v2/training_curves.png
2025-12-21 01:48:40,579 [INFO] 
================================================================================
2025-12-21 01:48:40,579 [INFO] 🎉 TRAINING COMPLETED!
2025-12-21 01:48:40,579 [INFO] ================================================================================
2025-12-21 01:48:40,580 [INFO] Time: 18.53 minutes
2025-12-21 01:48:40,580 [INFO] Best Overall Val Acc: 75.77%
2025-12-21 01:48:40,580 [INFO] Best Binary Val Acc: 72.19%
2025-12-21 01:48:40,580 [INFO] ================================================================================
2025-12-21 02:02:53,786 [INFO] 
================================================================================
2025-12-21 02:02:53,787 [INFO] DUAL-HEAD BASELINE VQA MODEL TRAINING (ResNet-34 + BERT-base)
2025-12-21 02:02:53,787 [INFO] ================================================================================
2025-12-21 02:02:53,787 [INFO] Device: cuda
2025-12-21 02:02:53,787 [INFO] Binary loss weight: 1.0
2025-12-21 02:02:53,787 [INFO] Using SIMPLIFIED focal loss (NO class weights)
2025-12-21 02:02:53,787 [INFO] ================================================================================
2025-12-21 02:02:53,787 [INFO] 
================================================================================
2025-12-21 02:02:53,787 [INFO] BINARY DISTRIBUTION ANALYSIS
2025-12-21 02:02:53,787 [INFO] ================================================================================
2025-12-21 02:03:16,190 [INFO] Total binary questions: 738
2025-12-21 02:03:16,190 [INFO]   Yes: 370 (50.1%)
2025-12-21 02:03:16,190 [INFO]   No: 368 (49.9%)
2025-12-21 02:03:16,190 [INFO] ✅ Distribution is balanced - NO class weighting needed!
2025-12-21 02:03:16,190 [INFO] ================================================================================
2025-12-21 02:03:16,912 [INFO] ✅ Model initialized successfully!
2025-12-21 02:03:16,912 [INFO] 
================================================================================
2025-12-21 02:03:16,913 [INFO] TRAINING START - DUAL-HEAD BASELINE MODEL
2025-12-21 02:03:16,913 [INFO] ================================================================================
2025-12-21 02:03:16,913 [INFO] 
================================================================================
2025-12-21 02:03:16,913 [INFO] EPOCH 1/50
2025-12-21 02:03:16,913 [INFO] ================================================================================
2025-12-21 02:03:52,665 [INFO] ✓ Train - Loss: 4.7886
2025-12-21 02:03:52,665 [INFO]   Overall: 37.07%
2025-12-21 02:03:52,665 [INFO]   🎯 Binary: 55.09%
2025-12-21 02:03:52,665 [INFO]   Open-Ended: 17.29%
2025-12-21 02:03:58,661 [INFO] ✓ Val - Loss: 1.9466
2025-12-21 02:03:58,661 [INFO]   Overall: 63.51%
2025-12-21 02:03:58,661 [INFO]   🎯 Binary: 55.08%
2025-12-21 02:03:58,661 [INFO]   Open-Ended: 72.67%
2025-12-21 02:03:58,661 [INFO] 📉 Learning rate: 1.01e-05
2025-12-21 02:04:01,378 [INFO] 🌟 NEW BEST! Overall: 63.51%, Binary: 55.08%
2025-12-21 02:04:03,942 [INFO] 
================================================================================
2025-12-21 02:04:03,942 [INFO] EPOCH 2/50
2025-12-21 02:04:03,942 [INFO] ================================================================================
2025-12-21 02:04:39,123 [INFO] ✓ Train - Loss: 3.8219
2025-12-21 02:04:39,123 [INFO]   Overall: 49.22%
2025-12-21 02:04:39,123 [INFO]   🎯 Binary: 55.95%
2025-12-21 02:04:39,123 [INFO]   Open-Ended: 41.77%
2025-12-21 02:04:45,112 [INFO] ✓ Val - Loss: 1.7266
2025-12-21 02:04:45,112 [INFO]   Overall: 65.74%
2025-12-21 02:04:45,112 [INFO]   🎯 Binary: 59.36%
2025-12-21 02:04:45,112 [INFO]   Open-Ended: 72.67%
2025-12-21 02:04:45,112 [INFO] 📉 Learning rate: 2.01e-05
2025-12-21 02:04:47,854 [INFO] 🌟 NEW BEST! Overall: 65.74%, Binary: 59.36%
2025-12-21 02:04:50,450 [INFO] 
================================================================================
2025-12-21 02:04:50,450 [INFO] EPOCH 3/50
2025-12-21 02:04:50,450 [INFO] ================================================================================
2025-12-21 02:05:26,134 [INFO] ✓ Train - Loss: 3.5451
2025-12-21 02:05:26,134 [INFO]   Overall: 50.50%
2025-12-21 02:05:26,134 [INFO]   🎯 Binary: 57.82%
2025-12-21 02:05:26,134 [INFO]   Open-Ended: 42.34%
2025-12-21 02:05:32,031 [INFO] ✓ Val - Loss: 1.5693
2025-12-21 02:05:32,032 [INFO]   Overall: 69.36%
2025-12-21 02:05:32,032 [INFO]   🎯 Binary: 66.31%
2025-12-21 02:05:32,032 [INFO]   Open-Ended: 72.67%
2025-12-21 02:05:32,032 [INFO] 📉 Learning rate: 3.00e-05
2025-12-21 02:05:34,779 [INFO] 🌟 NEW BEST! Overall: 69.36%, Binary: 66.31%
2025-12-21 02:05:37,317 [INFO] 
================================================================================
2025-12-21 02:05:37,317 [INFO] EPOCH 4/50
2025-12-21 02:05:37,317 [INFO] ================================================================================
2025-12-21 02:06:13,048 [INFO] ✓ Train - Loss: 3.3542
2025-12-21 02:06:13,048 [INFO]   Overall: 53.05%
2025-12-21 02:06:13,048 [INFO]   🎯 Binary: 62.96%
2025-12-21 02:06:13,048 [INFO]   Open-Ended: 42.18%
2025-12-21 02:06:18,991 [INFO] ✓ Val - Loss: 1.4451
2025-12-21 02:06:18,991 [INFO]   Overall: 69.08%
2025-12-21 02:06:18,991 [INFO]   🎯 Binary: 63.10%
2025-12-21 02:06:18,991 [INFO]   Open-Ended: 75.58%
2025-12-21 02:06:18,991 [INFO] 📉 Learning rate: 4.00e-05
2025-12-21 02:06:22,275 [INFO] 
================================================================================
2025-12-21 02:06:22,275 [INFO] EPOCH 5/50
2025-12-21 02:06:22,276 [INFO] ================================================================================
2025-12-21 02:06:58,178 [INFO] ✓ Train - Loss: 3.1178
2025-12-21 02:06:58,178 [INFO]   Overall: 57.81%
2025-12-21 02:06:58,178 [INFO]   🎯 Binary: 69.45%
2025-12-21 02:06:58,178 [INFO]   Open-Ended: 44.81%
2025-12-21 02:07:04,161 [INFO] ✓ Val - Loss: 1.3372
2025-12-21 02:07:04,161 [INFO]   Overall: 69.36%
2025-12-21 02:07:04,161 [INFO]   🎯 Binary: 63.10%
2025-12-21 02:07:04,161 [INFO]   Open-Ended: 76.16%
2025-12-21 02:07:04,161 [INFO] 📉 Learning rate: 5.00e-05
2025-12-21 02:07:07,448 [INFO] 
================================================================================
2025-12-21 02:07:07,449 [INFO] EPOCH 6/50
2025-12-21 02:07:07,449 [INFO] ================================================================================
2025-12-21 02:07:43,577 [INFO] ✓ Train - Loss: 2.7494
2025-12-21 02:07:43,577 [INFO]   Overall: 61.29%
2025-12-21 02:07:43,577 [INFO]   🎯 Binary: 73.61%
2025-12-21 02:07:43,577 [INFO]   Open-Ended: 47.68%
2025-12-21 02:07:49,509 [INFO] ✓ Val - Loss: 1.3777
2025-12-21 02:07:49,509 [INFO]   Overall: 70.75%
2025-12-21 02:07:49,509 [INFO]   🎯 Binary: 65.24%
2025-12-21 02:07:49,509 [INFO]   Open-Ended: 76.74%
2025-12-21 02:07:49,509 [INFO] 📉 Learning rate: 5.00e-05
2025-12-21 02:07:52,220 [INFO] 🌟 NEW BEST! Overall: 70.75%, Binary: 65.24%
2025-12-21 02:07:54,790 [INFO] 
================================================================================
2025-12-21 02:07:54,791 [INFO] EPOCH 7/50
2025-12-21 02:07:54,791 [INFO] ================================================================================
2025-12-21 02:08:31,156 [INFO] ✓ Train - Loss: 2.4164
2025-12-21 02:08:31,156 [INFO]   Overall: 65.55%
2025-12-21 02:08:31,156 [INFO]   🎯 Binary: 78.05%
2025-12-21 02:08:31,156 [INFO]   Open-Ended: 51.79%
2025-12-21 02:08:37,332 [INFO] ✓ Val - Loss: 1.4514
2025-12-21 02:08:37,332 [INFO]   Overall: 67.97%
2025-12-21 02:08:37,332 [INFO]   🎯 Binary: 59.36%
2025-12-21 02:08:37,332 [INFO]   Open-Ended: 77.33%
2025-12-21 02:08:37,332 [INFO] 📉 Learning rate: 5.00e-05
2025-12-21 02:08:40,070 [INFO] 
================================================================================
2025-12-21 02:08:40,071 [INFO] EPOCH 8/50
2025-12-21 02:08:40,071 [INFO] ================================================================================
2025-12-21 02:09:16,361 [INFO] ✓ Train - Loss: 2.1248
2025-12-21 02:09:16,361 [INFO]   Overall: 70.17%
2025-12-21 02:09:16,361 [INFO]   🎯 Binary: 81.55%
2025-12-21 02:09:16,361 [INFO]   Open-Ended: 57.68%
2025-12-21 02:09:22,369 [INFO] ✓ Val - Loss: 1.2941
2025-12-21 02:09:22,370 [INFO]   Overall: 73.54%
2025-12-21 02:09:22,370 [INFO]   🎯 Binary: 70.05%
2025-12-21 02:09:22,370 [INFO]   Open-Ended: 77.33%
2025-12-21 02:09:22,370 [INFO] 📉 Learning rate: 5.00e-05
2025-12-21 02:09:25,116 [INFO] 🌟 NEW BEST! Overall: 73.54%, Binary: 70.05%
2025-12-21 02:09:28,158 [INFO] 
================================================================================
2025-12-21 02:09:28,159 [INFO] EPOCH 9/50
2025-12-21 02:09:28,159 [INFO] ================================================================================
2025-12-21 02:10:04,517 [INFO] ✓ Train - Loss: 1.8508
2025-12-21 02:10:04,517 [INFO]   Overall: 73.65%
2025-12-21 02:10:04,517 [INFO]   🎯 Binary: 83.81%
2025-12-21 02:10:04,517 [INFO]   Open-Ended: 62.37%
2025-12-21 02:10:10,507 [INFO] ✓ Val - Loss: 1.3845
2025-12-21 02:10:10,508 [INFO]   Overall: 72.42%
2025-12-21 02:10:10,508 [INFO]   🎯 Binary: 68.45%
2025-12-21 02:10:10,508 [INFO]   Open-Ended: 76.74%
2025-12-21 02:10:10,508 [INFO] 📉 Learning rate: 5.00e-05
2025-12-21 02:10:13,222 [INFO] 
================================================================================
2025-12-21 02:10:13,222 [INFO] EPOCH 10/50
2025-12-21 02:10:13,222 [INFO] ================================================================================
2025-12-21 02:10:49,572 [INFO] ✓ Train - Loss: 1.5471
2025-12-21 02:10:49,572 [INFO]   Overall: 78.55%
2025-12-21 02:10:49,572 [INFO]   🎯 Binary: 87.60%
2025-12-21 02:10:49,572 [INFO]   Open-Ended: 68.47%
2025-12-21 02:10:55,534 [INFO] ✓ Val - Loss: 1.4569
2025-12-21 02:10:55,534 [INFO]   Overall: 72.42%
2025-12-21 02:10:55,534 [INFO]   🎯 Binary: 71.12%
2025-12-21 02:10:55,534 [INFO]   Open-Ended: 73.84%
2025-12-21 02:10:55,534 [INFO] 📉 Learning rate: 5.00e-05
2025-12-21 02:10:58,285 [INFO] 
================================================================================
2025-12-21 02:10:58,285 [INFO] EPOCH 11/50
2025-12-21 02:10:58,285 [INFO] ================================================================================
2025-12-21 02:11:34,602 [INFO] ✓ Train - Loss: 1.3424
2025-12-21 02:11:34,602 [INFO]   Overall: 83.38%
2025-12-21 02:11:34,602 [INFO]   🎯 Binary: 90.50%
2025-12-21 02:11:34,602 [INFO]   Open-Ended: 75.56%
2025-12-21 02:11:40,582 [INFO] ✓ Val - Loss: 1.5456
2025-12-21 02:11:40,582 [INFO]   Overall: 69.64%
2025-12-21 02:11:40,582 [INFO]   🎯 Binary: 69.52%
2025-12-21 02:11:40,582 [INFO]   Open-Ended: 69.77%
2025-12-21 02:11:40,582 [INFO] 📉 Learning rate: 5.00e-05
2025-12-21 02:11:43,302 [INFO] 
================================================================================
2025-12-21 02:11:43,302 [INFO] EPOCH 12/50
2025-12-21 02:11:43,302 [INFO] ================================================================================
2025-12-21 02:12:19,826 [INFO] ✓ Train - Loss: 1.1839
2025-12-21 02:12:19,827 [INFO]   Overall: 85.87%
2025-12-21 02:12:19,827 [INFO]   🎯 Binary: 90.85%
2025-12-21 02:12:19,827 [INFO]   Open-Ended: 80.30%
2025-12-21 02:12:25,799 [INFO] ✓ Val - Loss: 1.3707
2025-12-21 02:12:25,800 [INFO]   Overall: 72.98%
2025-12-21 02:12:25,800 [INFO]   🎯 Binary: 70.05%
2025-12-21 02:12:25,800 [INFO]   Open-Ended: 76.16%
2025-12-21 02:12:25,800 [INFO] 📉 Learning rate: 5.00e-05
2025-12-21 02:12:28,522 [INFO] 
================================================================================
2025-12-21 02:12:28,522 [INFO] EPOCH 13/50
2025-12-21 02:12:28,522 [INFO] ================================================================================
2025-12-21 02:13:05,014 [INFO] ✓ Train - Loss: 0.9776
2025-12-21 02:13:05,014 [INFO]   Overall: 89.28%
2025-12-21 02:13:05,014 [INFO]   🎯 Binary: 92.95%
2025-12-21 02:13:05,014 [INFO]   Open-Ended: 85.22%
2025-12-21 02:13:11,090 [INFO] ✓ Val - Loss: 1.6187
2025-12-21 02:13:11,091 [INFO]   Overall: 69.64%
2025-12-21 02:13:11,091 [INFO]   🎯 Binary: 71.12%
2025-12-21 02:13:11,091 [INFO]   Open-Ended: 68.02%
2025-12-21 02:13:11,091 [INFO] 📉 Learning rate: 5.00e-05
2025-12-21 02:13:13,822 [INFO] 
================================================================================
2025-12-21 02:13:13,822 [INFO] EPOCH 14/50
2025-12-21 02:13:13,823 [INFO] ================================================================================
2025-12-21 02:13:50,122 [INFO] ✓ Train - Loss: 0.9031
2025-12-21 02:13:50,122 [INFO]   Overall: 91.26%
2025-12-21 02:13:50,122 [INFO]   🎯 Binary: 94.04%
2025-12-21 02:13:50,122 [INFO]   Open-Ended: 88.21%
2025-12-21 02:13:56,079 [INFO] ✓ Val - Loss: 1.5896
2025-12-21 02:13:56,079 [INFO]   Overall: 71.31%
2025-12-21 02:13:56,079 [INFO]   🎯 Binary: 70.05%
2025-12-21 02:13:56,079 [INFO]   Open-Ended: 72.67%
2025-12-21 02:13:56,079 [INFO] 📉 Learning rate: 2.50e-05
2025-12-21 02:13:58,808 [INFO] 
================================================================================
2025-12-21 02:13:58,808 [INFO] EPOCH 15/50
2025-12-21 02:13:58,808 [INFO] ================================================================================
2025-12-21 02:14:35,217 [INFO] ✓ Train - Loss: 0.6798
2025-12-21 02:14:35,217 [INFO]   Overall: 94.82%
2025-12-21 02:14:35,217 [INFO]   🎯 Binary: 95.80%
2025-12-21 02:14:35,217 [INFO]   Open-Ended: 93.73%
2025-12-21 02:14:41,194 [INFO] ✓ Val - Loss: 1.6782
2025-12-21 02:14:41,195 [INFO]   Overall: 70.19%
2025-12-21 02:14:41,195 [INFO]   🎯 Binary: 71.12%
2025-12-21 02:14:41,195 [INFO]   Open-Ended: 69.19%
2025-12-21 02:14:41,195 [INFO] 📉 Learning rate: 2.50e-05
2025-12-21 02:14:43,922 [INFO] 
================================================================================
2025-12-21 02:14:43,922 [INFO] EPOCH 16/50
2025-12-21 02:14:43,923 [INFO] ================================================================================
2025-12-21 02:15:20,244 [INFO] ✓ Train - Loss: 0.5997
2025-12-21 02:15:20,245 [INFO]   Overall: 96.31%
2025-12-21 02:15:20,245 [INFO]   🎯 Binary: 97.15%
2025-12-21 02:15:20,245 [INFO]   Open-Ended: 95.38%
2025-12-21 02:15:26,273 [INFO] ✓ Val - Loss: 1.6361
2025-12-21 02:15:26,273 [INFO]   Overall: 71.59%
2025-12-21 02:15:26,273 [INFO]   🎯 Binary: 72.73%
2025-12-21 02:15:26,273 [INFO]   Open-Ended: 70.35%
2025-12-21 02:15:26,273 [INFO] 📉 Learning rate: 2.50e-05
2025-12-21 02:15:29,004 [INFO] 
================================================================================
2025-12-21 02:15:29,005 [INFO] EPOCH 17/50
2025-12-21 02:15:29,005 [INFO] ================================================================================
2025-12-21 02:16:05,349 [INFO] ✓ Train - Loss: 0.5306
2025-12-21 02:16:05,349 [INFO]   Overall: 96.38%
2025-12-21 02:16:05,349 [INFO]   🎯 Binary: 97.16%
2025-12-21 02:16:05,349 [INFO]   Open-Ended: 95.51%
2025-12-21 02:16:11,345 [INFO] ✓ Val - Loss: 1.5961
2025-12-21 02:16:11,345 [INFO]   Overall: 72.98%
2025-12-21 02:16:11,345 [INFO]   🎯 Binary: 73.26%
2025-12-21 02:16:11,345 [INFO]   Open-Ended: 72.67%
2025-12-21 02:16:11,345 [INFO] 📉 Learning rate: 2.50e-05
2025-12-21 02:16:14,084 [INFO] 
================================================================================
2025-12-21 02:16:14,084 [INFO] EPOCH 18/50
2025-12-21 02:16:14,084 [INFO] ================================================================================
2025-12-21 02:16:50,517 [INFO] ✓ Train - Loss: 0.4555
2025-12-21 02:16:50,517 [INFO]   Overall: 97.30%
2025-12-21 02:16:50,517 [INFO]   🎯 Binary: 97.56%
2025-12-21 02:16:50,517 [INFO]   Open-Ended: 97.01%
2025-12-21 02:16:56,513 [INFO] ✓ Val - Loss: 1.7226
2025-12-21 02:16:56,514 [INFO]   Overall: 70.75%
2025-12-21 02:16:56,514 [INFO]   🎯 Binary: 71.66%
2025-12-21 02:16:56,514 [INFO]   Open-Ended: 69.77%
2025-12-21 02:16:56,514 [INFO] 📉 Learning rate: 2.50e-05
2025-12-21 02:16:59,263 [INFO] 
================================================================================
2025-12-21 02:16:59,264 [INFO] EPOCH 19/50
2025-12-21 02:16:59,264 [INFO] ================================================================================
2025-12-21 02:17:35,703 [INFO] ✓ Train - Loss: 0.4698
2025-12-21 02:17:35,703 [INFO]   Overall: 97.66%
2025-12-21 02:17:35,703 [INFO]   🎯 Binary: 98.51%
2025-12-21 02:17:35,703 [INFO]   Open-Ended: 96.71%
2025-12-21 02:17:41,679 [INFO] ✓ Val - Loss: 1.7061
2025-12-21 02:17:41,680 [INFO]   Overall: 69.64%
2025-12-21 02:17:41,680 [INFO]   🎯 Binary: 68.45%
2025-12-21 02:17:41,680 [INFO]   Open-Ended: 70.93%
2025-12-21 02:17:41,680 [INFO] 📉 Learning rate: 2.50e-05
2025-12-21 02:17:44,431 [INFO] 
================================================================================
2025-12-21 02:17:44,432 [INFO] EPOCH 20/50
2025-12-21 02:17:44,432 [INFO] ================================================================================
2025-12-21 02:18:20,761 [INFO] ✓ Train - Loss: 0.3937
2025-12-21 02:18:20,761 [INFO]   Overall: 97.94%
2025-12-21 02:18:20,761 [INFO]   🎯 Binary: 98.11%
2025-12-21 02:18:20,761 [INFO]   Open-Ended: 97.75%
2025-12-21 02:18:26,814 [INFO] ✓ Val - Loss: 1.8123
2025-12-21 02:18:26,814 [INFO]   Overall: 68.80%
2025-12-21 02:18:26,814 [INFO]   🎯 Binary: 67.38%
2025-12-21 02:18:26,814 [INFO]   Open-Ended: 70.35%
2025-12-21 02:18:26,814 [INFO] 📉 Learning rate: 1.25e-05
2025-12-21 02:18:29,504 [INFO] 
================================================================================
2025-12-21 02:18:29,504 [INFO] EPOCH 21/50
2025-12-21 02:18:29,504 [INFO] ================================================================================
2025-12-21 02:19:05,803 [INFO] ✓ Train - Loss: 0.3463
2025-12-21 02:19:05,803 [INFO]   Overall: 98.15%
2025-12-21 02:19:05,803 [INFO]   🎯 Binary: 98.24%
2025-12-21 02:19:05,803 [INFO]   Open-Ended: 98.06%
2025-12-21 02:19:11,833 [INFO] ✓ Val - Loss: 1.8624
2025-12-21 02:19:11,834 [INFO]   Overall: 69.36%
2025-12-21 02:19:11,834 [INFO]   🎯 Binary: 69.52%
2025-12-21 02:19:11,834 [INFO]   Open-Ended: 69.19%
2025-12-21 02:19:11,834 [INFO] 📉 Learning rate: 1.25e-05
2025-12-21 02:19:14,596 [INFO] 
================================================================================
2025-12-21 02:19:14,597 [INFO] EPOCH 22/50
2025-12-21 02:19:14,597 [INFO] ================================================================================
2025-12-21 02:19:50,911 [INFO] ✓ Train - Loss: 0.3476
2025-12-21 02:19:50,912 [INFO]   Overall: 98.86%
2025-12-21 02:19:50,912 [INFO]   🎯 Binary: 99.06%
2025-12-21 02:19:50,912 [INFO]   Open-Ended: 98.65%
2025-12-21 02:19:56,862 [INFO] ✓ Val - Loss: 1.8129
2025-12-21 02:19:56,862 [INFO]   Overall: 69.64%
2025-12-21 02:19:56,862 [INFO]   🎯 Binary: 69.52%
2025-12-21 02:19:56,862 [INFO]   Open-Ended: 69.77%
2025-12-21 02:19:56,862 [INFO] 📉 Learning rate: 1.25e-05
2025-12-21 02:19:59,579 [INFO] 
================================================================================
2025-12-21 02:19:59,580 [INFO] EPOCH 23/50
2025-12-21 02:19:59,580 [INFO] ================================================================================
2025-12-21 02:20:36,257 [INFO] ✓ Train - Loss: 0.3033
2025-12-21 02:20:36,257 [INFO]   Overall: 99.22%
2025-12-21 02:20:36,257 [INFO]   🎯 Binary: 99.05%
2025-12-21 02:20:36,257 [INFO]   Open-Ended: 99.40%
2025-12-21 02:20:42,349 [INFO] ✓ Val - Loss: 1.7428
2025-12-21 02:20:42,349 [INFO]   Overall: 70.19%
2025-12-21 02:20:42,349 [INFO]   🎯 Binary: 68.45%
2025-12-21 02:20:42,349 [INFO]   Open-Ended: 72.09%
2025-12-21 02:20:42,349 [INFO] 📉 Learning rate: 1.25e-05
2025-12-21 02:20:45,097 [INFO] 
⚠️ Early stopping at epoch 23
2025-12-21 02:20:46,950 [INFO] 📊 Training curves saved to: checkpoints/baseline_dual_head_v2/training_curves.png
2025-12-21 02:20:46,950 [INFO] 
================================================================================
2025-12-21 02:20:46,950 [INFO] 🎉 TRAINING COMPLETED!
2025-12-21 02:20:46,950 [INFO] ================================================================================
2025-12-21 02:20:46,950 [INFO] Time: 17.47 minutes
2025-12-21 02:20:46,950 [INFO] Best Overall Val Acc: 73.54%
2025-12-21 02:20:46,951 [INFO] Best Binary Val Acc: 70.05%
2025-12-21 02:20:46,951 [INFO] ================================================================================
